<?xml version="1.0" encoding="UTF-8"?>
<!-- Generated by org.testng.reporters.JUnitXMLReporter -->
<testsuite ignored="0" hostname="Mac" failures="0" tests="4" name="Accounts Tests" time="2.744" errors="0" timestamp="2026-05-05T19:00:14 CEST">
  <testcase classname="com.novabank.tests.AccountsTest" name="testAccountsPageHeading" time="0.293"/>
  <testcase classname="com.novabank.tests.AccountsTest" name="testAccountsPageIsAccessible" time="0.296"/>
  <testcase classname="com.novabank.tests.AccountsTest" name="testAccountsPageShowsSeededAccounts" time="0.308"/>
  <testcase classname="com.novabank.tests.AccountsTest" name="testUnauthenticatedAccountsAccessRedirects" time="0.573"/>
</testsuite> <!-- Accounts Tests -->
