<?xml version="1.0" encoding="UTF-8"?>
<!-- Generated by org.testng.reporters.JUnitXMLReporter -->
<testsuite ignored="0" hostname="Chanukyas-MacBook-Pro.local" failures="0" tests="4" name="Accounts Tests" time="0.002" errors="0" timestamp="2026-05-05T17:59:15 CEST">
  <testcase classname="com.novabank.tests.AccountsTest" name="testAccountsPageHeading" time="0.0">
    <skipped/>
  </testcase> <!-- testAccountsPageHeading -->
  <testcase classname="com.novabank.tests.AccountsTest" name="testAccountsPageIsAccessible" time="0.0">
    <skipped/>
  </testcase> <!-- testAccountsPageIsAccessible -->
  <testcase classname="com.novabank.tests.AccountsTest" name="testAccountsPageShowsSeededAccounts" time="0.0">
    <skipped/>
  </testcase> <!-- testAccountsPageShowsSeededAccounts -->
  <testcase classname="com.novabank.tests.AccountsTest" name="testUnauthenticatedAccountsAccessRedirects" time="0.0">
    <skipped/>
  </testcase> <!-- testUnauthenticatedAccountsAccessRedirects -->
</testsuite> <!-- Accounts Tests -->
