<?xml version="1.0" encoding="UTF-8"?>
<!-- Generated by org.testng.reporters.JUnitXMLReporter -->
<testsuite ignored="0" hostname="Mac" failures="0" tests="7" name="Dashboard Tests" time="4.653" errors="0" timestamp="2026-05-05T19:00:07 CEST">
  <testcase classname="com.novabank.tests.DashboardTest" name="testCustomerDoesNotSeeUsersNavLink" time="0.453"/>
  <testcase classname="com.novabank.tests.DashboardTest" name="testDashboardHeading" time="0.298"/>
  <testcase classname="com.novabank.tests.DashboardTest" name="testDashboardShowsCustomerName" time="0.371"/>
  <testcase classname="com.novabank.tests.DashboardTest" name="testDashboardShowsManagerName" time="0.278"/>
  <testcase classname="com.novabank.tests.DashboardTest" name="testDashboardShowsStatCards" time="0.418"/>
  <testcase classname="com.novabank.tests.DashboardTest" name="testLogoutRedirectsToLogin" time="0.31"/>
  <testcase classname="com.novabank.tests.DashboardTest" name="testManagerSeesUsersNavLink" time="0.264"/>
</testsuite> <!-- Dashboard Tests -->
