<?xml version="1.0" encoding="UTF-8"?>
<!-- Generated by org.testng.reporters.JUnitXMLReporter -->
<testsuite ignored="0" hostname="Chanukyas-MacBook-Pro.local" failures="0" tests="7" name="Dashboard Tests" time="0.003" errors="0" timestamp="2026-05-05T17:59:15 CEST">
  <testcase classname="com.novabank.tests.DashboardTest" name="testCustomerDoesNotSeeUsersNavLink" time="0.0">
    <skipped/>
  </testcase> <!-- testCustomerDoesNotSeeUsersNavLink -->
  <testcase classname="com.novabank.tests.DashboardTest" name="testDashboardHeading" time="0.0">
    <skipped/>
  </testcase> <!-- testDashboardHeading -->
  <testcase classname="com.novabank.tests.DashboardTest" name="testDashboardShowsCustomerName" time="0.0">
    <skipped/>
  </testcase> <!-- testDashboardShowsCustomerName -->
  <testcase classname="com.novabank.tests.DashboardTest" name="testDashboardShowsManagerName" time="0.0">
    <skipped/>
  </testcase> <!-- testDashboardShowsManagerName -->
  <testcase classname="com.novabank.tests.DashboardTest" name="testDashboardShowsStatCards" time="0.0">
    <skipped/>
  </testcase> <!-- testDashboardShowsStatCards -->
  <testcase classname="com.novabank.tests.DashboardTest" name="testLogoutRedirectsToLogin" time="0.0">
    <skipped/>
  </testcase> <!-- testLogoutRedirectsToLogin -->
  <testcase classname="com.novabank.tests.DashboardTest" name="testManagerSeesUsersNavLink" time="0.0">
    <skipped/>
  </testcase> <!-- testManagerSeesUsersNavLink -->
</testsuite> <!-- Dashboard Tests -->
