<?xml version="1.0" encoding="UTF-8"?>
<!-- Generated by org.testng.reporters.JUnitXMLReporter -->
<testsuite ignored="0" hostname="codespaces-118b13" failures="0" tests="5" name="Forgot Password Tests" time="0.031" errors="0" timestamp="2026-05-05T05:15:33 UTC">
  <testcase classname="com.novabank.tests.ForgotPasswordTest" name="testForgotPasswordPageHasLoginLink" time="0.0">
    <skipped/>
  </testcase> <!-- testForgotPasswordPageHasLoginLink -->
  <testcase classname="com.novabank.tests.ForgotPasswordTest" name="testForgotPasswordPageIsAccessible" time="0.0">
    <skipped/>
  </testcase> <!-- testForgotPasswordPageIsAccessible -->
  <testcase classname="com.novabank.tests.ForgotPasswordTest" name="testPasswordResetFailsForUnknownEmail" time="0.0">
    <skipped/>
  </testcase> <!-- testPasswordResetFailsForUnknownEmail -->
  <testcase classname="com.novabank.tests.ForgotPasswordTest" name="testPasswordResetSuccessForExistingUser" time="0.0">
    <skipped/>
  </testcase> <!-- testPasswordResetSuccessForExistingUser -->
  <testcase classname="com.novabank.tests.ForgotPasswordTest" name="testUserCanLoginAfterPasswordReset" time="0.0">
    <skipped/>
  </testcase> <!-- testUserCanLoginAfterPasswordReset -->
</testsuite> <!-- Forgot Password Tests -->
