<?xml version="1.0" encoding="UTF-8"?>
<!-- Generated by org.testng.reporters.JUnitXMLReporter -->
<testsuite ignored="0" hostname="Mac" failures="0" tests="7" name="Login Tests" time="5.808" errors="0" timestamp="2026-05-05T18:59:56 CEST">
  <testcase classname="com.novabank.tests.LoginTest" name="testCustomer1LoginSuccess" time="0.342"/>
  <testcase classname="com.novabank.tests.LoginTest" name="testCustomer2LoginSuccess" time="0.427"/>
  <testcase classname="com.novabank.tests.LoginTest" name="testLoginPageLinks" time="0.223"/>
  <testcase classname="com.novabank.tests.LoginTest" name="testLoginWithInvalidEmail" time="0.384"/>
  <testcase classname="com.novabank.tests.LoginTest" name="testLoginWithInvalidPassword" time="0.301"/>
  <testcase classname="com.novabank.tests.LoginTest" name="testManagerLoginSuccess" time="0.316"/>
  <testcase classname="com.novabank.tests.LoginTest" name="testUnauthenticatedUserRedirectedToLogin" time="0.242"/>
</testsuite> <!-- Login Tests -->
