<?xml version="1.0" encoding="UTF-8"?>
<!-- Generated by org.testng.reporters.JUnitXMLReporter -->
<testsuite ignored="0" hostname="Chanukyas-MacBook-Pro.local" failures="0" tests="7" name="Login Tests" time="0.085" errors="0" timestamp="2026-05-05T17:59:15 CEST">
  <testcase classname="com.novabank.base.BaseTest" name="@BeforeMethod createContextAndPage" time="0.072">
    <failure type="java.lang.IllegalStateException" message="UI health-check failed: frontend is not reachable at http://localhost:5173 Set UI_TESTS_REQUIRE_APP=false to skip instead.">
      <![CDATA[java.lang.IllegalStateException: UI health-check failed: frontend is not reachable at http://localhost:5173 Set UI_TESTS_REQUIRE_APP=false to skip instead.
at com.novabank.base.BaseTest.handleUnavailableApp(BaseTest.java:99)
at com.novabank.base.BaseTest.ensureApplicationIsReachable(BaseTest.java:89)
at com.novabank.base.BaseTest.createContextAndPage(BaseTest.java:57)
at java.base/java.util.ArrayList.forEach(ArrayList.java:1604)
... Removed 33 stack frames]]>
    </failure>
  </testcase> <!-- @BeforeMethod createContextAndPage -->
  <testcase classname="com.novabank.base.BaseTest" name="@AfterMethod closeContextAndPage" time="0.0">
    <skipped/>
  </testcase> <!-- @AfterMethod closeContextAndPage -->
  <testcase classname="com.novabank.base.BaseTest" name="@BeforeMethod createContextAndPage" time="0.0">
    <skipped/>
  </testcase> <!-- @BeforeMethod createContextAndPage -->
  <testcase classname="com.novabank.base.BaseTest" name="@AfterMethod closeContextAndPage" time="0.0">
    <skipped/>
  </testcase> <!-- @AfterMethod closeContextAndPage -->
  <testcase classname="com.novabank.base.BaseTest" name="@BeforeMethod createContextAndPage" time="0.0">
    <skipped/>
  </testcase> <!-- @BeforeMethod createContextAndPage -->
  <testcase classname="com.novabank.base.BaseTest" name="@AfterMethod closeContextAndPage" time="0.0">
    <skipped/>
  </testcase> <!-- @AfterMethod closeContextAndPage -->
  <testcase classname="com.novabank.base.BaseTest" name="@BeforeMethod createContextAndPage" time="0.0">
    <skipped/>
  </testcase> <!-- @BeforeMethod createContextAndPage -->
  <testcase classname="com.novabank.base.BaseTest" name="@AfterMethod closeContextAndPage" time="0.0">
    <skipped/>
  </testcase> <!-- @AfterMethod closeContextAndPage -->
  <testcase classname="com.novabank.base.BaseTest" name="@BeforeMethod createContextAndPage" time="0.0">
    <skipped/>
  </testcase> <!-- @BeforeMethod createContextAndPage -->
  <testcase classname="com.novabank.base.BaseTest" name="@AfterMethod closeContextAndPage" time="0.0">
    <skipped/>
  </testcase> <!-- @AfterMethod closeContextAndPage -->
  <testcase classname="com.novabank.base.BaseTest" name="@BeforeMethod createContextAndPage" time="0.0">
    <skipped/>
  </testcase> <!-- @BeforeMethod createContextAndPage -->
  <testcase classname="com.novabank.base.BaseTest" name="@AfterMethod closeContextAndPage" time="0.0">
    <skipped/>
  </testcase> <!-- @AfterMethod closeContextAndPage -->
  <testcase classname="com.novabank.base.BaseTest" name="@BeforeMethod createContextAndPage" time="0.0">
    <skipped/>
  </testcase> <!-- @BeforeMethod createContextAndPage -->
  <testcase classname="com.novabank.base.BaseTest" name="@AfterMethod closeContextAndPage" time="0.0">
    <skipped/>
  </testcase> <!-- @AfterMethod closeContextAndPage -->
  <testcase classname="com.novabank.tests.LoginTest" name="testCustomer1LoginSuccess" time="0.0">
    <skipped/>
  </testcase> <!-- testCustomer1LoginSuccess -->
  <testcase classname="com.novabank.tests.LoginTest" name="testCustomer2LoginSuccess" time="0.0">
    <skipped/>
  </testcase> <!-- testCustomer2LoginSuccess -->
  <testcase classname="com.novabank.tests.LoginTest" name="testLoginPageLinks" time="0.0">
    <skipped/>
  </testcase> <!-- testLoginPageLinks -->
  <testcase classname="com.novabank.tests.LoginTest" name="testLoginWithInvalidEmail" time="0.0">
    <skipped/>
  </testcase> <!-- testLoginWithInvalidEmail -->
  <testcase classname="com.novabank.tests.LoginTest" name="testLoginWithInvalidPassword" time="0.0">
    <skipped/>
  </testcase> <!-- testLoginWithInvalidPassword -->
  <testcase classname="com.novabank.tests.LoginTest" name="testManagerLoginSuccess" time="0.0">
    <skipped/>
  </testcase> <!-- testManagerLoginSuccess -->
  <testcase classname="com.novabank.tests.LoginTest" name="testUnauthenticatedUserRedirectedToLogin" time="0.0">
    <skipped/>
  </testcase> <!-- testUnauthenticatedUserRedirectedToLogin -->
</testsuite> <!-- Login Tests -->
