<?xml version="1.0" encoding="UTF-8"?>
<!-- Generated by org.testng.reporters.JUnitXMLReporter -->
<testsuite ignored="0" hostname="Mac" failures="0" tests="4" name="Register Tests" time="2.783" errors="0" timestamp="2026-05-05T18:59:58 CEST">
  <testcase classname="com.novabank.tests.RegisterTest" name="testNewUserRegistrationSuccess" time="0.37"/>
  <testcase classname="com.novabank.tests.RegisterTest" name="testRegisterPageHasLoginLink" time="0.267"/>
  <testcase classname="com.novabank.tests.RegisterTest" name="testRegisterPageIsAccessible" time="0.372"/>
  <testcase classname="com.novabank.tests.RegisterTest" name="testRegistrationFailsWithDuplicateEmail" time="0.285"/>
</testsuite> <!-- Register Tests -->
