<?xml version="1.0" encoding="UTF-8"?>
<!-- Generated by org.testng.reporters.JUnitXMLReporter -->
<testsuite ignored="0" hostname="codespaces-118b13" failures="0" tests="4" name="Register Tests" time="0.035" errors="0" timestamp="2026-05-05T05:15:33 UTC">
  <testcase classname="com.novabank.tests.RegisterTest" name="testNewUserRegistrationSuccess" time="0.0">
    <skipped/>
  </testcase> <!-- testNewUserRegistrationSuccess -->
  <testcase classname="com.novabank.tests.RegisterTest" name="testRegisterPageHasLoginLink" time="0.0">
    <skipped/>
  </testcase> <!-- testRegisterPageHasLoginLink -->
  <testcase classname="com.novabank.tests.RegisterTest" name="testRegisterPageIsAccessible" time="0.0">
    <skipped/>
  </testcase> <!-- testRegisterPageIsAccessible -->
  <testcase classname="com.novabank.tests.RegisterTest" name="testRegistrationFailsWithDuplicateEmail" time="0.0">
    <skipped/>
  </testcase> <!-- testRegistrationFailsWithDuplicateEmail -->
</testsuite> <!-- Register Tests -->
