<?xml version="1.0" encoding="UTF-8"?>
<!-- Generated by org.testng.reporters.JUnitXMLReporter -->
<testsuite ignored="0" hostname="Mac" failures="0" tests="5" name="Transactions Tests" time="3.897" errors="0" timestamp="2026-05-05T19:00:18 CEST">
  <testcase classname="com.novabank.tests.TransactionsTest" name="testManagerCanAccessTransactions" time="0.324"/>
  <testcase classname="com.novabank.tests.TransactionsTest" name="testTransactionsFormElementsPresent" time="0.785"/>
  <testcase classname="com.novabank.tests.TransactionsTest" name="testTransactionsPageHeading" time="0.306"/>
  <testcase classname="com.novabank.tests.TransactionsTest" name="testTransactionsPageIsAccessible" time="0.328"/>
  <testcase classname="com.novabank.tests.TransactionsTest" name="testUnauthenticatedTransactionsAccessRedirects" time="0.577"/>
</testsuite> <!-- Transactions Tests -->
