<?xml version="1.0" encoding="UTF-8"?>
<!-- Generated by org.testng.reporters.JUnitXMLReporter -->
<testsuite ignored="0" hostname="Chanukyas-MacBook-Pro.local" failures="0" tests="4" name="Transfers Tests" time="0.002" errors="0" timestamp="2026-05-05T17:59:15 CEST">
  <testcase classname="com.novabank.tests.TransfersTest" name="testTransfersFormElementsPresent" time="0.0">
    <skipped/>
  </testcase> <!-- testTransfersFormElementsPresent -->
  <testcase classname="com.novabank.tests.TransfersTest" name="testTransfersPageHeading" time="0.0">
    <skipped/>
  </testcase> <!-- testTransfersPageHeading -->
  <testcase classname="com.novabank.tests.TransfersTest" name="testTransfersPageIsAccessible" time="0.0">
    <skipped/>
  </testcase> <!-- testTransfersPageIsAccessible -->
  <testcase classname="com.novabank.tests.TransfersTest" name="testUnauthenticatedTransfersAccessRedirects" time="0.0">
    <skipped/>
  </testcase> <!-- testUnauthenticatedTransfersAccessRedirects -->
</testsuite> <!-- Transfers Tests -->
