<?xml version="1.0" encoding="UTF-8"?>
<!-- Generated by org.testng.reporters.JUnitXMLReporter -->
<testsuite ignored="0" hostname="Chanukyas-MacBook-Pro.local" failures="0" tests="5" name="Transactions Tests" time="0.002" errors="0" timestamp="2026-05-05T17:59:15 CEST">
  <testcase classname="com.novabank.tests.TransactionsTest" name="testManagerCanAccessTransactions" time="0.0">
    <skipped/>
  </testcase> <!-- testManagerCanAccessTransactions -->
  <testcase classname="com.novabank.tests.TransactionsTest" name="testTransactionsFormElementsPresent" time="0.0">
    <skipped/>
  </testcase> <!-- testTransactionsFormElementsPresent -->
  <testcase classname="com.novabank.tests.TransactionsTest" name="testTransactionsPageHeading" time="0.0">
    <skipped/>
  </testcase> <!-- testTransactionsPageHeading -->
  <testcase classname="com.novabank.tests.TransactionsTest" name="testTransactionsPageIsAccessible" time="0.0">
    <skipped/>
  </testcase> <!-- testTransactionsPageIsAccessible -->
  <testcase classname="com.novabank.tests.TransactionsTest" name="testUnauthenticatedTransactionsAccessRedirects" time="0.0">
    <skipped/>
  </testcase> <!-- testUnauthenticatedTransactionsAccessRedirects -->
</testsuite> <!-- Transactions Tests -->
