<?xml version="1.0" encoding="UTF-8"?>
<!-- Generated by org.testng.reporters.JUnitXMLReporter -->
<testsuite ignored="0" hostname="Mac" failures="0" tests="4" name="Transfers Tests" time="2.677" errors="0" timestamp="2026-05-05T19:00:21 CEST">
  <testcase classname="com.novabank.tests.TransfersTest" name="testTransfersFormElementsPresent" time="0.307"/>
  <testcase classname="com.novabank.tests.TransfersTest" name="testTransfersPageHeading" time="0.624"/>
  <testcase classname="com.novabank.tests.TransfersTest" name="testTransfersPageIsAccessible" time="0.336"/>
  <testcase classname="com.novabank.tests.TransfersTest" name="testUnauthenticatedTransfersAccessRedirects" time="0.191"/>
</testsuite> <!-- Transfers Tests -->
