<?xml version="1.0" encoding="UTF-8"?>
<!-- Generated by org.testng.reporters.JUnitXMLReporter -->
<testsuite ignored="0" hostname="Chanukyas-MacBook-Pro.local" failures="0" tests="6" name="Users Tests" time="0.002" errors="0" timestamp="2026-05-05T17:59:15 CEST">
  <testcase classname="com.novabank.tests.UsersTest" name="testCustomerIsRedirectedFromUsersPage" time="0.0">
    <skipped/>
  </testcase> <!-- testCustomerIsRedirectedFromUsersPage -->
  <testcase classname="com.novabank.tests.UsersTest" name="testManagerCanAccessUsersPage" time="0.0">
    <skipped/>
  </testcase> <!-- testManagerCanAccessUsersPage -->
  <testcase classname="com.novabank.tests.UsersTest" name="testUnauthorizedPageContent" time="0.0">
    <skipped/>
  </testcase> <!-- testUnauthorizedPageContent -->
  <testcase classname="com.novabank.tests.UsersTest" name="testUsersPageDisplaysSeededUserNames" time="0.0">
    <skipped/>
  </testcase> <!-- testUsersPageDisplaysSeededUserNames -->
  <testcase classname="com.novabank.tests.UsersTest" name="testUsersPageShowsSeededUsers" time="0.0">
    <skipped/>
  </testcase> <!-- testUsersPageShowsSeededUsers -->
  <testcase classname="com.novabank.tests.UsersTest" name="testUsersPageSubtitle" time="0.0">
    <skipped/>
  </testcase> <!-- testUsersPageSubtitle -->
</testsuite> <!-- Users Tests -->
