<?xml version="1.0" encoding="UTF-8"?>
<!-- Generated by org.testng.reporters.JUnitXMLReporter -->
<testsuite ignored="0" hostname="Chanukyas-MacBook-Pro.local" failures="0" tests="7" name="Surefire test" time="3.472" errors="0" timestamp="2026-05-05T18:29:42 CEST">
  <testcase classname="com.novabank.tests.DashboardTest" name="testCustomerDoesNotSeeUsersNavLink" time="0.279"/>
  <testcase classname="com.novabank.tests.DashboardTest" name="testDashboardHeading" time="0.279"/>
  <testcase classname="com.novabank.tests.DashboardTest" name="testDashboardShowsCustomerName" time="0.261"/>
  <testcase classname="com.novabank.tests.DashboardTest" name="testDashboardShowsManagerName" time="0.262"/>
  <testcase classname="com.novabank.tests.DashboardTest" name="testDashboardShowsStatCards" time="0.253"/>
  <testcase classname="com.novabank.tests.DashboardTest" name="testLogoutRedirectsToLogin" time="0.275"/>
  <testcase classname="com.novabank.tests.DashboardTest" name="testManagerSeesUsersNavLink" time="1.301"/>
</testsuite> <!-- Surefire test -->
