<?xml version="1.0" encoding="UTF-8"?>
<!-- Generated by org.testng.reporters.JUnitXMLReporter -->
<testsuite ignored="0" hostname="Chanukyas-MacBook-Pro.local" failures="0" tests="6" name="Surefire test" time="2.735" errors="0" timestamp="2026-05-05T18:42:14 CEST">
  <testcase classname="com.novabank.tests.UsersTest" name="testCustomerIsRedirectedFromUsersPage" time="0.371"/>
  <testcase classname="com.novabank.tests.UsersTest" name="testManagerCanAccessUsersPage" time="0.704"/>
  <testcase classname="com.novabank.tests.UsersTest" name="testUnauthorizedPageContent" time="0.325"/>
  <testcase classname="com.novabank.tests.UsersTest" name="testUsersPageDisplaysSeededUserNames" time="0.291"/>
  <testcase classname="com.novabank.tests.UsersTest" name="testUsersPageShowsSeededUsers" time="0.281"/>
  <testcase classname="com.novabank.tests.UsersTest" name="testUsersPageSubtitle" time="0.282"/>
</testsuite> <!-- Surefire test -->
