<?xml version="1.0" encoding="UTF-8"?>
<testsuite xmlns:xsi="http://www.w3.org/2001/XMLSchema-instance" xsi:noNamespaceSchemaLocation="https://maven.apache.org/surefire/maven-surefire-plugin/xsd/surefire-test-report-3.0.xsd" version="3.0" name="TestSuite" time="1.864" tests="126" errors="0" skipped="118" failures="8">
  <properties>
[...]
</properties>
  <testcase name="createContextAndPage" classname="com.novabank.tests.LoginTest" time="1.753">
    <failure message="UI health-check failed: frontend is not reachable at http://localhost:5173 Set UI_TESTS_REQUIRE_APP=false to skip instead." type="java.lang.IllegalStateException"><![CDATA[java.lang.IllegalStateException: UI health-check failed: frontend is not reachable at http://localhost:5173 Set UI_TESTS_REQUIRE_APP=false to skip instead.
	at com.novabank.base.BaseTest.handleUnavailableApp(BaseTest.java:99)
	at com.novabank.base.BaseTest.ensureApplicationIsReachable(BaseTest.java:89)
	at com.novabank.base.BaseTest.createContextAndPage(BaseTest.java:57)
	at java.base/jdk.internal.reflect.DirectMethodHandleAccessor.invoke(DirectMethodHandleAccessor.java:104)
	at java.base/java.lang.reflect.Method.invoke(Method.java:565)
	at org.testng.internal.invokers.MethodInvocationHelper.invokeMethod(MethodInvocationHelper.java:141)
	at org.testng.internal.invokers.MethodInvocationHelper.invokeMethodConsideringTimeout(MethodInvocationHelper.java:71)
	at org.testng.internal.invokers.ConfigInvoker.invokeConfigurationMethod(ConfigInvoker.java:400)
	at org.testng.internal.invokers.ConfigInvoker.invokeConfigurations(ConfigInvoker.java:333)
	at org.testng.internal.invokers.TestInvoker.runConfigMethods(TestInvoker.java:833)
	at org.testng.internal.invokers.TestInvoker.invokeMethod(TestInvoker.java:600)
	at org.testng.internal.invokers.TestInvoker.invokeTestMethod(TestInvoker.java:230)
	at org.testng.internal.invokers.MethodRunner.runInSequence(MethodRunner.java:63)
	at org.testng.internal.invokers.TestInvoker$MethodInvocationAgent.invoke(TestInvoker.java:992)
	at org.testng.internal.invokers.TestInvoker.invokeTestMethods(TestInvoker.java:203)
	at org.testng.internal.invokers.TestMethodWorker.invokeTestMethods(TestMethodWorker.java:154)
	at org.testng.internal.invokers.TestMethodWorker.run(TestMethodWorker.java:134)
	at java.base/java.util.ArrayList.forEach(ArrayList.java:1604)
	at org.testng.TestRunner.privateRun(TestRunner.java:739)
	at org.testng.TestRunner.run(TestRunner.java:614)
	at org.testng.SuiteRunner.runTest(SuiteRunner.java:421)
	at org.testng.SuiteRunner.runSequentially(SuiteRunner.java:413)
	at org.testng.SuiteRunner.privateRun(SuiteRunner.java:373)
	at org.testng.SuiteRunner.run(SuiteRunner.java:312)
	at org.testng.SuiteRunnerWorker.runSuite(SuiteRunnerWorker.java:52)
	at org.testng.SuiteRunnerWorker.run(SuiteRunnerWorker.java:95)
	at org.testng.TestNG.runSuitesSequentially(TestNG.java:1274)
	at org.testng.TestNG.runSuitesLocally(TestNG.java:1208)
	at org.testng.TestNG.runSuites(TestNG.java:1112)
	at org.testng.TestNG.run(TestNG.java:1079)
	at org.apache.maven.surefire.testng.TestNGExecutor.run(TestNGExecutor.java:308)
	at org.apache.maven.surefire.testng.TestNGXmlTestSuite.execute(TestNGXmlTestSuite.java:71)
	at org.apache.maven.surefire.testng.TestNGProvider.invoke(TestNGProvider.java:113)
	at org.apache.maven.surefire.booter.ForkedBooter.runSuitesInProcess(ForkedBooter.java:385)
	at org.apache.maven.surefire.booter.ForkedBooter.execute(ForkedBooter.java:162)
	at org.apache.maven.surefire.booter.ForkedBooter.run(ForkedBooter.java:507)
	at org.apache.maven.surefire.booter.ForkedBooter.main(ForkedBooter.java:495)
]]></failure>
    <system-out><![CDATA[UI health-check failed: frontend is not reachable at http://localhost:5173
UI health-check failed: frontend is not reachable at http://localhost:5173
]]></system-out>
    <system-err><![CDATA[SLF4J: Failed to load class "org.slf4j.impl.StaticLoggerBinder".
SLF4J: Defaulting to no-operation (NOP) logger implementation
SLF4J: See http://www.slf4j.org/codes.html#StaticLoggerBinder for further details.
]]></system-err>
  </testcase>
  <testcase name="createContextAndPage" classname="com.novabank.tests.LoginTest" time="0.0">
    <skipped/>
  </testcase>
  <testcase name="createContextAndPage" classname="com.novabank.tests.LoginTest" time="0.0">
    <skipped/>
  </testcase>
  <testcase name="createContextAndPage" classname="com.novabank.tests.LoginTest" time="0.0">
    <skipped/>
  </testcase>
  <testcase name="createContextAndPage" classname="com.novabank.tests.LoginTest" time="0.0">
    <skipped/>
  </testcase>
  <testcase name="createContextAndPage" classname="com.novabank.tests.LoginTest" time="0.0">
    <skipped/>
  </testcase>
  <testcase name="createContextAndPage" classname="com.novabank.tests.LoginTest" time="0.0">
    <skipped/>
  </testcase>
  <testcase name="testCustomer1LoginSuccess" classname="com.novabank.tests.LoginTest" time="0.0">
    <skipped message="UI health-check failed: frontend is not reachable at http://localhost:5173 Set UI_TESTS_REQUIRE_APP=false to skip instead."/>
  </testcase>
  <testcase name="closeContextAndPage" classname="com.novabank.tests.LoginTest" time="0.0">
    <skipped/>
  </testcase>
  <testcase name="closeContextAndPage" classname="com.novabank.tests.LoginTest" time="0.0">
    <skipped/>
  </testcase>
  <testcase name="closeContextAndPage" classname="com.novabank.tests.LoginTest" time="0.0">
    <skipped/>
  </testcase>
  <testcase name="closeContextAndPage" classname="com.novabank.tests.LoginTest" time="0.0">
    <skipped/>
  </testcase>
  <testcase name="closeContextAndPage" classname="com.novabank.tests.LoginTest" time="0.0">
    <skipped/>
  </testcase>
  <testcase name="closeContextAndPage" classname="com.novabank.tests.LoginTest" time="0.0">
    <skipped/>
  </testcase>
  <testcase name="closeContextAndPage" classname="com.novabank.tests.LoginTest" time="0.0">
    <skipped/>
  </testcase>
  <testcase name="testCustomer2LoginSuccess" classname="com.novabank.tests.LoginTest" time="0.0">
    <skipped message="UI health-check failed: frontend is not reachable at http://localhost:5173 Set UI_TESTS_REQUIRE_APP=false to skip instead."/>
  </testcase>
  <testcase name="testLoginPageLinks" classname="com.novabank.tests.LoginTest" time="0.0">
    <skipped message="UI health-check failed: frontend is not reachable at http://localhost:5173 Set UI_TESTS_REQUIRE_APP=false to skip instead."/>
  </testcase>
  <testcase name="testLoginWithInvalidEmail" classname="com.novabank.tests.LoginTest" time="0.0">
    <skipped message="UI health-check failed: frontend is not reachable at http://localhost:5173 Set UI_TESTS_REQUIRE_APP=false to skip instead."/>
  </testcase>
  <testcase name="testLoginWithInvalidPassword" classname="com.novabank.tests.LoginTest" time="0.0">
    <skipped message="UI health-check failed: frontend is not reachable at http://localhost:5173 Set UI_TESTS_REQUIRE_APP=false to skip instead."/>
  </testcase>
  <testcase name="testManagerLoginSuccess" classname="com.novabank.tests.LoginTest" time="0.0">
    <skipped message="UI health-check failed: frontend is not reachable at http://localhost:5173 Set UI_TESTS_REQUIRE_APP=false to skip instead."/>
  </testcase>
  <testcase name="testUnauthenticatedUserRedirectedToLogin" classname="com.novabank.tests.LoginTest" time="0.0">
    <skipped message="UI health-check failed: frontend is not reachable at http://localhost:5173 Set UI_TESTS_REQUIRE_APP=false to skip instead."/>
  </testcase>
  <testcase name="createContextAndPage" classname="com.novabank.tests.RegisterTest" time="0.017">
    <failure message="UI health-check failed: frontend is not reachable at http://localhost:5173 Set UI_TESTS_REQUIRE_APP=false to skip instead." type="java.lang.IllegalStateException"><![CDATA[java.lang.IllegalStateException: UI health-check failed: frontend is not reachable at http://localhost:5173 Set UI_TESTS_REQUIRE_APP=false to skip instead.
	at com.novabank.base.BaseTest.handleUnavailableApp(BaseTest.java:99)
	at com.novabank.base.BaseTest.ensureApplicationIsReachable(BaseTest.java:69)
	at com.novabank.base.BaseTest.createContextAndPage(BaseTest.java:57)
	at java.base/jdk.internal.reflect.DirectMethodHandleAccessor.invoke(DirectMethodHandleAccessor.java:104)
	at java.base/java.lang.reflect.Method.invoke(Method.java:565)
	at org.testng.internal.invokers.MethodInvocationHelper.invokeMethod(MethodInvocationHelper.java:141)
	at org.testng.internal.invokers.MethodInvocationHelper.invokeMethodConsideringTimeout(MethodInvocationHelper.java:71)
	at org.testng.internal.invokers.ConfigInvoker.invokeConfigurationMethod(ConfigInvoker.java:400)
	at org.testng.internal.invokers.ConfigInvoker.invokeConfigurations(ConfigInvoker.java:333)
	at org.testng.internal.invokers.TestInvoker.runConfigMethods(TestInvoker.java:833)
	at org.testng.internal.invokers.TestInvoker.invokeMethod(TestInvoker.java:600)
	at org.testng.internal.invokers.TestInvoker.invokeTestMethod(TestInvoker.java:230)
	at org.testng.internal.invokers.MethodRunner.runInSequence(MethodRunner.java:63)
	at org.testng.internal.invokers.TestInvoker$MethodInvocationAgent.invoke(TestInvoker.java:992)
	at org.testng.internal.invokers.TestInvoker.invokeTestMethods(TestInvoker.java:203)
	at org.testng.internal.invokers.TestMethodWorker.invokeTestMethods(TestMethodWorker.java:154)
	at org.testng.internal.invokers.TestMethodWorker.run(TestMethodWorker.java:134)
	at java.base/java.util.ArrayList.forEach(ArrayList.java:1604)
	at org.testng.TestRunner.privateRun(TestRunner.java:739)
	at org.testng.TestRunner.run(TestRunner.java:614)
	at org.testng.SuiteRunner.runTest(SuiteRunner.java:421)
	at org.testng.SuiteRunner.runSequentially(SuiteRunner.java:413)
	at org.testng.SuiteRunner.privateRun(SuiteRunner.java:373)
	at org.testng.SuiteRunner.run(SuiteRunner.java:312)
	at org.testng.SuiteRunnerWorker.runSuite(SuiteRunnerWorker.java:52)
	at org.testng.SuiteRunnerWorker.run(SuiteRunnerWorker.java:95)
	at org.testng.TestNG.runSuitesSequentially(TestNG.java:1274)
	at org.testng.TestNG.runSuitesLocally(TestNG.java:1208)
	at org.testng.TestNG.runSuites(TestNG.java:1112)
	at org.testng.TestNG.run(TestNG.java:1079)
	at org.apache.maven.surefire.testng.TestNGExecutor.run(TestNGExecutor.java:308)
	at org.apache.maven.surefire.testng.TestNGXmlTestSuite.execute(TestNGXmlTestSuite.java:71)
	at org.apache.maven.surefire.testng.TestNGProvider.invoke(TestNGProvider.java:113)
	at org.apache.maven.surefire.booter.ForkedBooter.runSuitesInProcess(ForkedBooter.java:385)
	at org.apache.maven.surefire.booter.ForkedBooter.execute(ForkedBooter.java:162)
	at org.apache.maven.surefire.booter.ForkedBooter.run(ForkedBooter.java:507)
	at org.apache.maven.surefire.booter.ForkedBooter.main(ForkedBooter.java:495)
]]></failure>
  </testcase>
  <testcase name="createContextAndPage" classname="com.novabank.tests.RegisterTest" time="0.0">
    <skipped/>
  </testcase>
  <testcase name="createContextAndPage" classname="com.novabank.tests.RegisterTest" time="0.0">
    <skipped/>
  </testcase>
  <testcase name="createContextAndPage" classname="com.novabank.tests.RegisterTest" time="0.0">
    <skipped/>
  </testcase>
  <testcase name="testNewUserRegistrationSuccess" classname="com.novabank.tests.RegisterTest" time="0.0">
    <skipped message="UI health-check failed: frontend is not reachable at http://localhost:5173 Set UI_TESTS_REQUIRE_APP=false to skip instead."/>
  </testcase>
  <testcase name="closeContextAndPage" classname="com.novabank.tests.RegisterTest" time="0.0">
    <skipped/>
  </testcase>
  <testcase name="closeContextAndPage" classname="com.novabank.tests.RegisterTest" time="0.0">
    <skipped/>
  </testcase>
  <testcase name="closeContextAndPage" classname="com.novabank.tests.RegisterTest" time="0.0">
    <skipped/>
  </testcase>
  <testcase name="closeContextAndPage" classname="com.novabank.tests.RegisterTest" time="0.0">
    <skipped/>
  </testcase>
  <testcase name="testRegisterPageHasLoginLink" classname="com.novabank.tests.RegisterTest" time="0.0">
    <skipped message="UI health-check failed: frontend is not reachable at http://localhost:5173 Set UI_TESTS_REQUIRE_APP=false to skip instead."/>
  </testcase>
  <testcase name="testRegisterPageIsAccessible" classname="com.novabank.tests.RegisterTest" time="0.0">
    <skipped message="UI health-check failed: frontend is not reachable at http://localhost:5173 Set UI_TESTS_REQUIRE_APP=false to skip instead."/>
  </testcase>
  <testcase name="testRegistrationFailsWithDuplicateEmail" classname="com.novabank.tests.RegisterTest" time="0.0">
    <skipped message="UI health-check failed: frontend is not reachable at http://localhost:5173 Set UI_TESTS_REQUIRE_APP=false to skip instead."/>
  </testcase>
  <testcase name="createContextAndPage" classname="com.novabank.tests.ForgotPasswordTest" time="0.003">
    <failure message="UI health-check failed: frontend is not reachable at http://localhost:5173 Set UI_TESTS_REQUIRE_APP=false to skip instead." type="java.lang.IllegalStateException"><![CDATA[java.lang.IllegalStateException: UI health-check failed: frontend is not reachable at http://localhost:5173 Set UI_TESTS_REQUIRE_APP=false to skip instead.
	at com.novabank.base.BaseTest.handleUnavailableApp(BaseTest.java:99)
	at com.novabank.base.BaseTest.ensureApplicationIsReachable(BaseTest.java:69)
	at com.novabank.base.BaseTest.createContextAndPage(BaseTest.java:57)
	at java.base/jdk.internal.reflect.DirectMethodHandleAccessor.invoke(DirectMethodHandleAccessor.java:104)
	at java.base/java.lang.reflect.Method.invoke(Method.java:565)
	at org.testng.internal.invokers.MethodInvocationHelper.invokeMethod(MethodInvocationHelper.java:141)
	at org.testng.internal.invokers.MethodInvocationHelper.invokeMethodConsideringTimeout(MethodInvocationHelper.java:71)
	at org.testng.internal.invokers.ConfigInvoker.invokeConfigurationMethod(ConfigInvoker.java:400)
	at org.testng.internal.invokers.ConfigInvoker.invokeConfigurations(ConfigInvoker.java:333)
	at org.testng.internal.invokers.TestInvoker.runConfigMethods(TestInvoker.java:833)
	at org.testng.internal.invokers.TestInvoker.invokeMethod(TestInvoker.java:600)
	at org.testng.internal.invokers.TestInvoker.invokeTestMethod(TestInvoker.java:230)
	at org.testng.internal.invokers.MethodRunner.runInSequence(MethodRunner.java:63)
	at org.testng.internal.invokers.TestInvoker$MethodInvocationAgent.invoke(TestInvoker.java:992)
	at org.testng.internal.invokers.TestInvoker.invokeTestMethods(TestInvoker.java:203)
	at org.testng.internal.invokers.TestMethodWorker.invokeTestMethods(TestMethodWorker.java:154)
	at org.testng.internal.invokers.TestMethodWorker.run(TestMethodWorker.java:134)
	at java.base/java.util.ArrayList.forEach(ArrayList.java:1604)
	at org.testng.TestRunner.privateRun(TestRunner.java:739)
	at org.testng.TestRunner.run(TestRunner.java:614)
	at org.testng.SuiteRunner.runTest(SuiteRunner.java:421)
	at org.testng.SuiteRunner.runSequentially(SuiteRunner.java:413)
	at org.testng.SuiteRunner.privateRun(SuiteRunner.java:373)
	at org.testng.SuiteRunner.run(SuiteRunner.java:312)
	at org.testng.SuiteRunnerWorker.runSuite(SuiteRunnerWorker.java:52)
	at org.testng.SuiteRunnerWorker.run(SuiteRunnerWorker.java:95)
	at org.testng.TestNG.runSuitesSequentially(TestNG.java:1274)
	at org.testng.TestNG.runSuitesLocally(TestNG.java:1208)
	at org.testng.TestNG.runSuites(TestNG.java:1112)
	at org.testng.TestNG.run(TestNG.java:1079)
	at org.apache.maven.surefire.testng.TestNGExecutor.run(TestNGExecutor.java:308)
	at org.apache.maven.surefire.testng.TestNGXmlTestSuite.execute(TestNGXmlTestSuite.java:71)
	at org.apache.maven.surefire.testng.TestNGProvider.invoke(TestNGProvider.java:113)
	at org.apache.maven.surefire.booter.ForkedBooter.runSuitesInProcess(ForkedBooter.java:385)
	at org.apache.maven.surefire.booter.ForkedBooter.execute(ForkedBooter.java:162)
	at org.apache.maven.surefire.booter.ForkedBooter.run(ForkedBooter.java:507)
	at org.apache.maven.surefire.booter.ForkedBooter.main(ForkedBooter.java:495)
]]></failure>
  </testcase>
  <testcase name="createContextAndPage" classname="com.novabank.tests.ForgotPasswordTest" time="0.0">
    <skipped/>
  </testcase>
  <testcase name="createContextAndPage" classname="com.novabank.tests.ForgotPasswordTest" time="0.0">
    <skipped/>
  </testcase>
  <testcase name="createContextAndPage" classname="com.novabank.tests.ForgotPasswordTest" time="0.0">
    <skipped/>
  </testcase>
  <testcase name="createContextAndPage" classname="com.novabank.tests.ForgotPasswordTest" time="0.0">
    <skipped/>
  </testcase>
  <testcase name="testForgotPasswordPageHasLoginLink" classname="com.novabank.tests.ForgotPasswordTest" time="0.0">
    <skipped message="UI health-check failed: frontend is not reachable at http://localhost:5173 Set UI_TESTS_REQUIRE_APP=false to skip instead."/>
  </testcase>
  <testcase name="closeContextAndPage" classname="com.novabank.tests.ForgotPasswordTest" time="0.0">
    <skipped/>
  </testcase>
  <testcase name="closeContextAndPage" classname="com.novabank.tests.ForgotPasswordTest" time="0.0">
    <skipped/>
  </testcase>
  <testcase name="closeContextAndPage" classname="com.novabank.tests.ForgotPasswordTest" time="0.0">
    <skipped/>
  </testcase>
  <testcase name="closeContextAndPage" classname="com.novabank.tests.ForgotPasswordTest" time="0.0">
    <skipped/>
  </testcase>
  <testcase name="closeContextAndPage" classname="com.novabank.tests.ForgotPasswordTest" time="0.0">
    <skipped/>
  </testcase>
  <testcase name="testForgotPasswordPageIsAccessible" classname="com.novabank.tests.ForgotPasswordTest" time="0.0">
    <skipped message="UI health-check failed: frontend is not reachable at http://localhost:5173 Set UI_TESTS_REQUIRE_APP=false to skip instead."/>
  </testcase>
  <testcase name="testPasswordResetFailsForUnknownEmail" classname="com.novabank.tests.ForgotPasswordTest" time="0.0">
    <skipped message="UI health-check failed: frontend is not reachable at http://localhost:5173 Set UI_TESTS_REQUIRE_APP=false to skip instead."/>
  </testcase>
  <testcase name="testPasswordResetSuccessForExistingUser" classname="com.novabank.tests.ForgotPasswordTest" time="0.0">
    <skipped message="UI health-check failed: frontend is not reachable at http://localhost:5173 Set UI_TESTS_REQUIRE_APP=false to skip instead."/>
  </testcase>
  <testcase name="testUserCanLoginAfterPasswordReset" classname="com.novabank.tests.ForgotPasswordTest" time="0.0">
    <skipped message="UI health-check failed: frontend is not reachable at http://localhost:5173 Set UI_TESTS_REQUIRE_APP=false to skip instead."/>
  </testcase>
  <testcase name="createContextAndPage" classname="com.novabank.tests.DashboardTest" time="0.003">
    <failure message="UI health-check failed: frontend is not reachable at http://localhost:5173 Set UI_TESTS_REQUIRE_APP=false to skip instead." type="java.lang.IllegalStateException"><![CDATA[java.lang.IllegalStateException: UI health-check failed: frontend is not reachable at http://localhost:5173 Set UI_TESTS_REQUIRE_APP=false to skip instead.
	at com.novabank.base.BaseTest.handleUnavailableApp(BaseTest.java:99)
	at com.novabank.base.BaseTest.ensureApplicationIsReachable(BaseTest.java:69)
	at com.novabank.base.BaseTest.createContextAndPage(BaseTest.java:57)
	at java.base/jdk.internal.reflect.DirectMethodHandleAccessor.invoke(DirectMethodHandleAccessor.java:104)
	at java.base/java.lang.reflect.Method.invoke(Method.java:565)
	at org.testng.internal.invokers.MethodInvocationHelper.invokeMethod(MethodInvocationHelper.java:141)
	at org.testng.internal.invokers.MethodInvocationHelper.invokeMethodConsideringTimeout(MethodInvocationHelper.java:71)
	at org.testng.internal.invokers.ConfigInvoker.invokeConfigurationMethod(ConfigInvoker.java:400)
	at org.testng.internal.invokers.ConfigInvoker.invokeConfigurations(ConfigInvoker.java:333)
	at org.testng.internal.invokers.TestInvoker.runConfigMethods(TestInvoker.java:833)
	at org.testng.internal.invokers.TestInvoker.invokeMethod(TestInvoker.java:600)
	at org.testng.internal.invokers.TestInvoker.invokeTestMethod(TestInvoker.java:230)
	at org.testng.internal.invokers.MethodRunner.runInSequence(MethodRunner.java:63)
	at org.testng.internal.invokers.TestInvoker$MethodInvocationAgent.invoke(TestInvoker.java:992)
	at org.testng.internal.invokers.TestInvoker.invokeTestMethods(TestInvoker.java:203)
	at org.testng.internal.invokers.TestMethodWorker.invokeTestMethods(TestMethodWorker.java:154)
	at org.testng.internal.invokers.TestMethodWorker.run(TestMethodWorker.java:134)
	at java.base/java.util.ArrayList.forEach(ArrayList.java:1604)
	at org.testng.TestRunner.privateRun(TestRunner.java:739)
	at org.testng.TestRunner.run(TestRunner.java:614)
	at org.testng.SuiteRunner.runTest(SuiteRunner.java:421)
	at org.testng.SuiteRunner.runSequentially(SuiteRunner.java:413)
	at org.testng.SuiteRunner.privateRun(SuiteRunner.java:373)
	at org.testng.SuiteRunner.run(SuiteRunner.java:312)
	at org.testng.SuiteRunnerWorker.runSuite(SuiteRunnerWorker.java:52)
	at org.testng.SuiteRunnerWorker.run(SuiteRunnerWorker.java:95)
	at org.testng.TestNG.runSuitesSequentially(TestNG.java:1274)
	at org.testng.TestNG.runSuitesLocally(TestNG.java:1208)
	at org.testng.TestNG.runSuites(TestNG.java:1112)
	at org.testng.TestNG.run(TestNG.java:1079)
	at org.apache.maven.surefire.testng.TestNGExecutor.run(TestNGExecutor.java:308)
	at org.apache.maven.surefire.testng.TestNGXmlTestSuite.execute(TestNGXmlTestSuite.java:71)
	at org.apache.maven.surefire.testng.TestNGProvider.invoke(TestNGProvider.java:113)
	at org.apache.maven.surefire.booter.ForkedBooter.runSuitesInProcess(ForkedBooter.java:385)
	at org.apache.maven.surefire.booter.ForkedBooter.execute(ForkedBooter.java:162)
	at org.apache.maven.surefire.booter.ForkedBooter.run(ForkedBooter.java:507)
	at org.apache.maven.surefire.booter.ForkedBooter.main(ForkedBooter.java:495)
]]></failure>
  </testcase>
  <testcase name="createContextAndPage" classname="com.novabank.tests.DashboardTest" time="0.0">
    <skipped/>
  </testcase>
  <testcase name="createContextAndPage" classname="com.novabank.tests.DashboardTest" time="0.0">
    <skipped/>
  </testcase>
  <testcase name="createContextAndPage" classname="com.novabank.tests.DashboardTest" time="0.0">
    <skipped/>
  </testcase>
  <testcase name="createContextAndPage" classname="com.novabank.tests.DashboardTest" time="0.0">
    <skipped/>
  </testcase>
  <testcase name="createContextAndPage" classname="com.novabank.tests.DashboardTest" time="0.0">
    <skipped/>
  </testcase>
  <testcase name="createContextAndPage" classname="com.novabank.tests.DashboardTest" time="0.0">
    <skipped/>
  </testcase>
  <testcase name="testCustomerDoesNotSeeUsersNavLink" classname="com.novabank.tests.DashboardTest" time="0.0">
    <skipped message="UI health-check failed: frontend is not reachable at http://localhost:5173 Set UI_TESTS_REQUIRE_APP=false to skip instead."/>
  </testcase>
  <testcase name="closeContextAndPage" classname="com.novabank.tests.DashboardTest" time="0.0">
    <skipped/>
  </testcase>
  <testcase name="closeContextAndPage" classname="com.novabank.tests.DashboardTest" time="0.0">
    <skipped/>
  </testcase>
  <testcase name="closeContextAndPage" classname="com.novabank.tests.DashboardTest" time="0.0">
    <skipped/>
  </testcase>
  <testcase name="closeContextAndPage" classname="com.novabank.tests.DashboardTest" time="0.0">
    <skipped/>
  </testcase>
  <testcase name="closeContextAndPage" classname="com.novabank.tests.DashboardTest" time="0.0">
    <skipped/>
  </testcase>
  <testcase name="closeContextAndPage" classname="com.novabank.tests.DashboardTest" time="0.0">
    <skipped/>
  </testcase>
  <testcase name="closeContextAndPage" classname="com.novabank.tests.DashboardTest" time="0.0">
    <skipped/>
  </testcase>
  <testcase name="testDashboardHeading" classname="com.novabank.tests.DashboardTest" time="0.0">
    <skipped message="UI health-check failed: frontend is not reachable at http://localhost:5173 Set UI_TESTS_REQUIRE_APP=false to skip instead."/>
  </testcase>
  <testcase name="testDashboardShowsCustomerName" classname="com.novabank.tests.DashboardTest" time="0.0">
    <skipped message="UI health-check failed: frontend is not reachable at http://localhost:5173 Set UI_TESTS_REQUIRE_APP=false to skip instead."/>
  </testcase>
  <testcase name="testDashboardShowsManagerName" classname="com.novabank.tests.DashboardTest" time="0.0">
    <skipped message="UI health-check failed: frontend is not reachable at http://localhost:5173 Set UI_TESTS_REQUIRE_APP=false to skip instead."/>
  </testcase>
  <testcase name="testDashboardShowsStatCards" classname="com.novabank.tests.DashboardTest" time="0.0">
    <skipped message="UI health-check failed: frontend is not reachable at http://localhost:5173 Set UI_TESTS_REQUIRE_APP=false to skip instead."/>
  </testcase>
  <testcase name="testLogoutRedirectsToLogin" classname="com.novabank.tests.DashboardTest" time="0.0">
    <skipped message="UI health-check failed: frontend is not reachable at http://localhost:5173 Set UI_TESTS_REQUIRE_APP=false to skip instead."/>
  </testcase>
  <testcase name="testManagerSeesUsersNavLink" classname="com.novabank.tests.DashboardTest" time="0.0">
    <skipped message="UI health-check failed: frontend is not reachable at http://localhost:5173 Set UI_TESTS_REQUIRE_APP=false to skip instead."/>
  </testcase>
  <testcase name="createContextAndPage" classname="com.novabank.tests.UsersTest" time="0.003">
    <failure message="UI health-check failed: frontend is not reachable at http://localhost:5173 Set UI_TESTS_REQUIRE_APP=false to skip instead." type="java.lang.IllegalStateException"><![CDATA[java.lang.IllegalStateException: UI health-check failed: frontend is not reachable at http://localhost:5173 Set UI_TESTS_REQUIRE_APP=false to skip instead.
	at com.novabank.base.BaseTest.handleUnavailableApp(BaseTest.java:99)
	at com.novabank.base.BaseTest.ensureApplicationIsReachable(BaseTest.java:69)
	at com.novabank.base.BaseTest.createContextAndPage(BaseTest.java:57)
	at java.base/jdk.internal.reflect.DirectMethodHandleAccessor.invoke(DirectMethodHandleAccessor.java:104)
	at java.base/java.lang.reflect.Method.invoke(Method.java:565)
	at org.testng.internal.invokers.MethodInvocationHelper.invokeMethod(MethodInvocationHelper.java:141)
	at org.testng.internal.invokers.MethodInvocationHelper.invokeMethodConsideringTimeout(MethodInvocationHelper.java:71)
	at org.testng.internal.invokers.ConfigInvoker.invokeConfigurationMethod(ConfigInvoker.java:400)
	at org.testng.internal.invokers.ConfigInvoker.invokeConfigurations(ConfigInvoker.java:333)
	at org.testng.internal.invokers.TestInvoker.runConfigMethods(TestInvoker.java:833)
	at org.testng.internal.invokers.TestInvoker.invokeMethod(TestInvoker.java:600)
	at org.testng.internal.invokers.TestInvoker.invokeTestMethod(TestInvoker.java:230)
	at org.testng.internal.invokers.MethodRunner.runInSequence(MethodRunner.java:63)
	at org.testng.internal.invokers.TestInvoker$MethodInvocationAgent.invoke(TestInvoker.java:992)
	at org.testng.internal.invokers.TestInvoker.invokeTestMethods(TestInvoker.java:203)
	at org.testng.internal.invokers.TestMethodWorker.invokeTestMethods(TestMethodWorker.java:154)
	at org.testng.internal.invokers.TestMethodWorker.run(TestMethodWorker.java:134)
	at java.base/java.util.ArrayList.forEach(ArrayList.java:1604)
	at org.testng.TestRunner.privateRun(TestRunner.java:739)
	at org.testng.TestRunner.run(TestRunner.java:614)
	at org.testng.SuiteRunner.runTest(SuiteRunner.java:421)
	at org.testng.SuiteRunner.runSequentially(SuiteRunner.java:413)
	at org.testng.SuiteRunner.privateRun(SuiteRunner.java:373)
	at org.testng.SuiteRunner.run(SuiteRunner.java:312)
	at org.testng.SuiteRunnerWorker.runSuite(SuiteRunnerWorker.java:52)
	at org.testng.SuiteRunnerWorker.run(SuiteRunnerWorker.java:95)
	at org.testng.TestNG.runSuitesSequentially(TestNG.java:1274)
	at org.testng.TestNG.runSuitesLocally(TestNG.java:1208)
	at org.testng.TestNG.runSuites(TestNG.java:1112)
	at org.testng.TestNG.run(TestNG.java:1079)
	at org.apache.maven.surefire.testng.TestNGExecutor.run(TestNGExecutor.java:308)
	at org.apache.maven.surefire.testng.TestNGXmlTestSuite.execute(TestNGXmlTestSuite.java:71)
	at org.apache.maven.surefire.testng.TestNGProvider.invoke(TestNGProvider.java:113)
	at org.apache.maven.surefire.booter.ForkedBooter.runSuitesInProcess(ForkedBooter.java:385)
	at org.apache.maven.surefire.booter.ForkedBooter.execute(ForkedBooter.java:162)
	at org.apache.maven.surefire.booter.ForkedBooter.run(ForkedBooter.java:507)
	at org.apache.maven.surefire.booter.ForkedBooter.main(ForkedBooter.java:495)
]]></failure>
  </testcase>
  <testcase name="createContextAndPage" classname="com.novabank.tests.UsersTest" time="0.0">
    <skipped/>
  </testcase>
  <testcase name="createContextAndPage" classname="com.novabank.tests.UsersTest" time="0.0">
    <skipped/>
  </testcase>
  <testcase name="createContextAndPage" classname="com.novabank.tests.UsersTest" time="0.0">
    <skipped/>
  </testcase>
  <testcase name="createContextAndPage" classname="com.novabank.tests.UsersTest" time="0.0">
    <skipped/>
  </testcase>
  <testcase name="createContextAndPage" classname="com.novabank.tests.UsersTest" time="0.0">
    <skipped/>
  </testcase>
  <testcase name="testCustomerIsRedirectedFromUsersPage" classname="com.novabank.tests.UsersTest" time="0.0">
    <skipped message="UI health-check failed: frontend is not reachable at http://localhost:5173 Set UI_TESTS_REQUIRE_APP=false to skip instead."/>
  </testcase>
  <testcase name="closeContextAndPage" classname="com.novabank.tests.UsersTest" time="0.0">
    <skipped/>
  </testcase>
  <testcase name="closeContextAndPage" classname="com.novabank.tests.UsersTest" time="0.0">
    <skipped/>
  </testcase>
  <testcase name="closeContextAndPage" classname="com.novabank.tests.UsersTest" time="0.0">
    <skipped/>
  </testcase>
  <testcase name="closeContextAndPage" classname="com.novabank.tests.UsersTest" time="0.0">
    <skipped/>
  </testcase>
  <testcase name="closeContextAndPage" classname="com.novabank.tests.UsersTest" time="0.0">
    <skipped/>
  </testcase>
  <testcase name="closeContextAndPage" classname="com.novabank.tests.UsersTest" time="0.0">
    <skipped/>
  </testcase>
  <testcase name="testManagerCanAccessUsersPage" classname="com.novabank.tests.UsersTest" time="0.0">
    <skipped message="UI health-check failed: frontend is not reachable at http://localhost:5173 Set UI_TESTS_REQUIRE_APP=false to skip instead."/>
  </testcase>
  <testcase name="testUnauthorizedPageContent" classname="com.novabank.tests.UsersTest" time="0.0">
    <skipped message="UI health-check failed: frontend is not reachable at http://localhost:5173 Set UI_TESTS_REQUIRE_APP=false to skip instead."/>
  </testcase>
  <testcase name="testUsersPageDisplaysSeededUserNames" classname="com.novabank.tests.UsersTest" time="0.0">
    <skipped message="UI health-check failed: frontend is not reachable at http://localhost:5173 Set UI_TESTS_REQUIRE_APP=false to skip instead."/>
  </testcase>
  <testcase name="testUsersPageShowsSeededUsers" classname="com.novabank.tests.UsersTest" time="0.0">
    <skipped message="UI health-check failed: frontend is not reachable at http://localhost:5173 Set UI_TESTS_REQUIRE_APP=false to skip instead."/>
  </testcase>
  <testcase name="testUsersPageSubtitle" classname="com.novabank.tests.UsersTest" time="0.0">
    <skipped message="UI health-check failed: frontend is not reachable at http://localhost:5173 Set UI_TESTS_REQUIRE_APP=false to skip instead."/>
  </testcase>
  <testcase name="createContextAndPage" classname="com.novabank.tests.AccountsTest" time="0.002">
    <failure message="UI health-check failed: frontend is not reachable at http://localhost:5173 Set UI_TESTS_REQUIRE_APP=false to skip instead." type="java.lang.IllegalStateException"><![CDATA[java.lang.IllegalStateException: UI health-check failed: frontend is not reachable at http://localhost:5173 Set UI_TESTS_REQUIRE_APP=false to skip instead.
	at com.novabank.base.BaseTest.handleUnavailableApp(BaseTest.java:99)
	at com.novabank.base.BaseTest.ensureApplicationIsReachable(BaseTest.java:69)
	at com.novabank.base.BaseTest.createContextAndPage(BaseTest.java:57)
	at java.base/jdk.internal.reflect.DirectMethodHandleAccessor.invoke(DirectMethodHandleAccessor.java:104)
	at java.base/java.lang.reflect.Method.invoke(Method.java:565)
	at org.testng.internal.invokers.MethodInvocationHelper.invokeMethod(MethodInvocationHelper.java:141)
	at org.testng.internal.invokers.MethodInvocationHelper.invokeMethodConsideringTimeout(MethodInvocationHelper.java:71)
	at org.testng.internal.invokers.ConfigInvoker.invokeConfigurationMethod(ConfigInvoker.java:400)
	at org.testng.internal.invokers.ConfigInvoker.invokeConfigurations(ConfigInvoker.java:333)
	at org.testng.internal.invokers.TestInvoker.runConfigMethods(TestInvoker.java:833)
	at org.testng.internal.invokers.TestInvoker.invokeMethod(TestInvoker.java:600)
	at org.testng.internal.invokers.TestInvoker.invokeTestMethod(TestInvoker.java:230)
	at org.testng.internal.invokers.MethodRunner.runInSequence(MethodRunner.java:63)
	at org.testng.internal.invokers.TestInvoker$MethodInvocationAgent.invoke(TestInvoker.java:992)
	at org.testng.internal.invokers.TestInvoker.invokeTestMethods(TestInvoker.java:203)
	at org.testng.internal.invokers.TestMethodWorker.invokeTestMethods(TestMethodWorker.java:154)
	at org.testng.internal.invokers.TestMethodWorker.run(TestMethodWorker.java:134)
	at java.base/java.util.ArrayList.forEach(ArrayList.java:1604)
	at org.testng.TestRunner.privateRun(TestRunner.java:739)
	at org.testng.TestRunner.run(TestRunner.java:614)
	at org.testng.SuiteRunner.runTest(SuiteRunner.java:421)
	at org.testng.SuiteRunner.runSequentially(SuiteRunner.java:413)
	at org.testng.SuiteRunner.privateRun(SuiteRunner.java:373)
	at org.testng.SuiteRunner.run(SuiteRunner.java:312)
	at org.testng.SuiteRunnerWorker.runSuite(SuiteRunnerWorker.java:52)
	at org.testng.SuiteRunnerWorker.run(SuiteRunnerWorker.java:95)
	at org.testng.TestNG.runSuitesSequentially(TestNG.java:1274)
	at org.testng.TestNG.runSuitesLocally(TestNG.java:1208)
	at org.testng.TestNG.runSuites(TestNG.java:1112)
	at org.testng.TestNG.run(TestNG.java:1079)
	at org.apache.maven.surefire.testng.TestNGExecutor.run(TestNGExecutor.java:308)
	at org.apache.maven.surefire.testng.TestNGXmlTestSuite.execute(TestNGXmlTestSuite.java:71)
	at org.apache.maven.surefire.testng.TestNGProvider.invoke(TestNGProvider.java:113)
	at org.apache.maven.surefire.booter.ForkedBooter.runSuitesInProcess(ForkedBooter.java:385)
	at org.apache.maven.surefire.booter.ForkedBooter.execute(ForkedBooter.java:162)
	at org.apache.maven.surefire.booter.ForkedBooter.run(ForkedBooter.java:507)
	at org.apache.maven.surefire.booter.ForkedBooter.main(ForkedBooter.java:495)
]]></failure>
  </testcase>
  <testcase name="createContextAndPage" classname="com.novabank.tests.AccountsTest" time="0.0">
    <skipped/>
  </testcase>
  <testcase name="createContextAndPage" classname="com.novabank.tests.AccountsTest" time="0.0">
    <skipped/>
  </testcase>
  <testcase name="createContextAndPage" classname="com.novabank.tests.AccountsTest" time="0.0">
    <skipped/>
  </testcase>
  <testcase name="testAccountsPageHeading" classname="com.novabank.tests.AccountsTest" time="0.0">
    <skipped message="UI health-check failed: frontend is not reachable at http://localhost:5173 Set UI_TESTS_REQUIRE_APP=false to skip instead."/>
  </testcase>
  <testcase name="closeContextAndPage" classname="com.novabank.tests.AccountsTest" time="0.0">
    <skipped/>
  </testcase>
  <testcase name="closeContextAndPage" classname="com.novabank.tests.AccountsTest" time="0.0">
    <skipped/>
  </testcase>
  <testcase name="closeContextAndPage" classname="com.novabank.tests.AccountsTest" time="0.0">
    <skipped/>
  </testcase>
  <testcase name="closeContextAndPage" classname="com.novabank.tests.AccountsTest" time="0.0">
    <skipped/>
  </testcase>
  <testcase name="testAccountsPageIsAccessible" classname="com.novabank.tests.AccountsTest" time="0.0">
    <skipped message="UI health-check failed: frontend is not reachable at http://localhost:5173 Set UI_TESTS_REQUIRE_APP=false to skip instead."/>
  </testcase>
  <testcase name="testAccountsPageShowsSeededAccounts" classname="com.novabank.tests.AccountsTest" time="0.0">
    <skipped message="UI health-check failed: frontend is not reachable at http://localhost:5173 Set UI_TESTS_REQUIRE_APP=false to skip instead."/>
  </testcase>
  <testcase name="testUnauthenticatedAccountsAccessRedirects" classname="com.novabank.tests.AccountsTest" time="0.0">
    <skipped message="UI health-check failed: frontend is not reachable at http://localhost:5173 Set UI_TESTS_REQUIRE_APP=false to skip instead."/>
  </testcase>
  <testcase name="createContextAndPage" classname="com.novabank.tests.TransactionsTest" time="0.002">
    <failure message="UI health-check failed: frontend is not reachable at http://localhost:5173 Set UI_TESTS_REQUIRE_APP=false to skip instead." type="java.lang.IllegalStateException"><![CDATA[java.lang.IllegalStateException: UI health-check failed: frontend is not reachable at http://localhost:5173 Set UI_TESTS_REQUIRE_APP=false to skip instead.
	at com.novabank.base.BaseTest.handleUnavailableApp(BaseTest.java:99)
	at com.novabank.base.BaseTest.ensureApplicationIsReachable(BaseTest.java:69)
	at com.novabank.base.BaseTest.createContextAndPage(BaseTest.java:57)
	at java.base/jdk.internal.reflect.DirectMethodHandleAccessor.invoke(DirectMethodHandleAccessor.java:104)
	at java.base/java.lang.reflect.Method.invoke(Method.java:565)
	at org.testng.internal.invokers.MethodInvocationHelper.invokeMethod(MethodInvocationHelper.java:141)
	at org.testng.internal.invokers.MethodInvocationHelper.invokeMethodConsideringTimeout(MethodInvocationHelper.java:71)
	at org.testng.internal.invokers.ConfigInvoker.invokeConfigurationMethod(ConfigInvoker.java:400)
	at org.testng.internal.invokers.ConfigInvoker.invokeConfigurations(ConfigInvoker.java:333)
	at org.testng.internal.invokers.TestInvoker.runConfigMethods(TestInvoker.java:833)
	at org.testng.internal.invokers.TestInvoker.invokeMethod(TestInvoker.java:600)
	at org.testng.internal.invokers.TestInvoker.invokeTestMethod(TestInvoker.java:230)
	at org.testng.internal.invokers.MethodRunner.runInSequence(MethodRunner.java:63)
	at org.testng.internal.invokers.TestInvoker$MethodInvocationAgent.invoke(TestInvoker.java:992)
	at org.testng.internal.invokers.TestInvoker.invokeTestMethods(TestInvoker.java:203)
	at org.testng.internal.invokers.TestMethodWorker.invokeTestMethods(TestMethodWorker.java:154)
	at org.testng.internal.invokers.TestMethodWorker.run(TestMethodWorker.java:134)
	at java.base/java.util.ArrayList.forEach(ArrayList.java:1604)
	at org.testng.TestRunner.privateRun(TestRunner.java:739)
	at org.testng.TestRunner.run(TestRunner.java:614)
	at org.testng.SuiteRunner.runTest(SuiteRunner.java:421)
	at org.testng.SuiteRunner.runSequentially(SuiteRunner.java:413)
	at org.testng.SuiteRunner.privateRun(SuiteRunner.java:373)
	at org.testng.SuiteRunner.run(SuiteRunner.java:312)
	at org.testng.SuiteRunnerWorker.runSuite(SuiteRunnerWorker.java:52)
	at org.testng.SuiteRunnerWorker.run(SuiteRunnerWorker.java:95)
	at org.testng.TestNG.runSuitesSequentially(TestNG.java:1274)
	at org.testng.TestNG.runSuitesLocally(TestNG.java:1208)
	at org.testng.TestNG.runSuites(TestNG.java:1112)
	at org.testng.TestNG.run(TestNG.java:1079)
	at org.apache.maven.surefire.testng.TestNGExecutor.run(TestNGExecutor.java:308)
	at org.apache.maven.surefire.testng.TestNGXmlTestSuite.execute(TestNGXmlTestSuite.java:71)
	at org.apache.maven.surefire.testng.TestNGProvider.invoke(TestNGProvider.java:113)
	at org.apache.maven.surefire.booter.ForkedBooter.runSuitesInProcess(ForkedBooter.java:385)
	at org.apache.maven.surefire.booter.ForkedBooter.execute(ForkedBooter.java:162)
	at org.apache.maven.surefire.booter.ForkedBooter.run(ForkedBooter.java:507)
	at org.apache.maven.surefire.booter.ForkedBooter.main(ForkedBooter.java:495)
]]></failure>
  </testcase>
  <testcase name="createContextAndPage" classname="com.novabank.tests.TransactionsTest" time="0.0">
    <skipped/>
  </testcase>
  <testcase name="createContextAndPage" classname="com.novabank.tests.TransactionsTest" time="0.0">
    <skipped/>
  </testcase>
  <testcase name="createContextAndPage" classname="com.novabank.tests.TransactionsTest" time="0.0">
    <skipped/>
  </testcase>
  <testcase name="createContextAndPage" classname="com.novabank.tests.TransactionsTest" time="0.0">
    <skipped/>
  </testcase>
  <testcase name="testManagerCanAccessTransactions" classname="com.novabank.tests.TransactionsTest" time="0.0">
    <skipped message="UI health-check failed: frontend is not reachable at http://localhost:5173 Set UI_TESTS_REQUIRE_APP=false to skip instead."/>
  </testcase>
  <testcase name="closeContextAndPage" classname="com.novabank.tests.TransactionsTest" time="0.0">
    <skipped/>
  </testcase>
  <testcase name="closeContextAndPage" classname="com.novabank.tests.TransactionsTest" time="0.0">
    <skipped/>
  </testcase>
  <testcase name="closeContextAndPage" classname="com.novabank.tests.TransactionsTest" time="0.0">
    <skipped/>
  </testcase>
  <testcase name="closeContextAndPage" classname="com.novabank.tests.TransactionsTest" time="0.0">
    <skipped/>
  </testcase>
  <testcase name="closeContextAndPage" classname="com.novabank.tests.TransactionsTest" time="0.0">
    <skipped/>
  </testcase>
  <testcase name="testTransactionsFormElementsPresent" classname="com.novabank.tests.TransactionsTest" time="0.0">
    <skipped message="UI health-check failed: frontend is not reachable at http://localhost:5173 Set UI_TESTS_REQUIRE_APP=false to skip instead."/>
  </testcase>
  <testcase name="testTransactionsPageHeading" classname="com.novabank.tests.TransactionsTest" time="0.0">
    <skipped message="UI health-check failed: frontend is not reachable at http://localhost:5173 Set UI_TESTS_REQUIRE_APP=false to skip instead."/>
  </testcase>
  <testcase name="testTransactionsPageIsAccessible" classname="com.novabank.tests.TransactionsTest" time="0.0">
    <skipped message="UI health-check failed: frontend is not reachable at http://localhost:5173 Set UI_TESTS_REQUIRE_APP=false to skip instead."/>
  </testcase>
  <testcase name="testUnauthenticatedTransactionsAccessRedirects" classname="com.novabank.tests.TransactionsTest" time="0.0">
    <skipped message="UI health-check failed: frontend is not reachable at http://localhost:5173 Set UI_TESTS_REQUIRE_APP=false to skip instead."/>
  </testcase>
  <testcase name="createContextAndPage" classname="com.novabank.tests.TransfersTest" time="0.003">
    <failure message="UI health-check failed: frontend is not reachable at http://localhost:5173 Set UI_TESTS_REQUIRE_APP=false to skip instead." type="java.lang.IllegalStateException"><![CDATA[java.lang.IllegalStateException: UI health-check failed: frontend is not reachable at http://localhost:5173 Set UI_TESTS_REQUIRE_APP=false to skip instead.
	at com.novabank.base.BaseTest.handleUnavailableApp(BaseTest.java:99)
	at com.novabank.base.BaseTest.ensureApplicationIsReachable(BaseTest.java:69)
	at com.novabank.base.BaseTest.createContextAndPage(BaseTest.java:57)
	at java.base/jdk.internal.reflect.DirectMethodHandleAccessor.invoke(DirectMethodHandleAccessor.java:104)
	at java.base/java.lang.reflect.Method.invoke(Method.java:565)
	at org.testng.internal.invokers.MethodInvocationHelper.invokeMethod(MethodInvocationHelper.java:141)
	at org.testng.internal.invokers.MethodInvocationHelper.invokeMethodConsideringTimeout(MethodInvocationHelper.java:71)
	at org.testng.internal.invokers.ConfigInvoker.invokeConfigurationMethod(ConfigInvoker.java:400)
	at org.testng.internal.invokers.ConfigInvoker.invokeConfigurations(ConfigInvoker.java:333)
	at org.testng.internal.invokers.TestInvoker.runConfigMethods(TestInvoker.java:833)
	at org.testng.internal.invokers.TestInvoker.invokeMethod(TestInvoker.java:600)
	at org.testng.internal.invokers.TestInvoker.invokeTestMethod(TestInvoker.java:230)
	at org.testng.internal.invokers.MethodRunner.runInSequence(MethodRunner.java:63)
	at org.testng.internal.invokers.TestInvoker$MethodInvocationAgent.invoke(TestInvoker.java:992)
	at org.testng.internal.invokers.TestInvoker.invokeTestMethods(TestInvoker.java:203)
	at org.testng.internal.invokers.TestMethodWorker.invokeTestMethods(TestMethodWorker.java:154)
	at org.testng.internal.invokers.TestMethodWorker.run(TestMethodWorker.java:134)
	at java.base/java.util.ArrayList.forEach(ArrayList.java:1604)
	at org.testng.TestRunner.privateRun(TestRunner.java:739)
	at org.testng.TestRunner.run(TestRunner.java:614)
	at org.testng.SuiteRunner.runTest(SuiteRunner.java:421)
	at org.testng.SuiteRunner.runSequentially(SuiteRunner.java:413)
	at org.testng.SuiteRunner.privateRun(SuiteRunner.java:373)
	at org.testng.SuiteRunner.run(SuiteRunner.java:312)
	at org.testng.SuiteRunnerWorker.runSuite(SuiteRunnerWorker.java:52)
	at org.testng.SuiteRunnerWorker.run(SuiteRunnerWorker.java:95)
	at org.testng.TestNG.runSuitesSequentially(TestNG.java:1274)
	at org.testng.TestNG.runSuitesLocally(TestNG.java:1208)
	at org.testng.TestNG.runSuites(TestNG.java:1112)
	at org.testng.TestNG.run(TestNG.java:1079)
	at org.apache.maven.surefire.testng.TestNGExecutor.run(TestNGExecutor.java:308)
	at org.apache.maven.surefire.testng.TestNGXmlTestSuite.execute(TestNGXmlTestSuite.java:71)
	at org.apache.maven.surefire.testng.TestNGProvider.invoke(TestNGProvider.java:113)
	at org.apache.maven.surefire.booter.ForkedBooter.runSuitesInProcess(ForkedBooter.java:385)
	at org.apache.maven.surefire.booter.ForkedBooter.execute(ForkedBooter.java:162)
	at org.apache.maven.surefire.booter.ForkedBooter.run(ForkedBooter.java:507)
	at org.apache.maven.surefire.booter.ForkedBooter.main(ForkedBooter.java:495)
]]></failure>
  </testcase>
  <testcase name="createContextAndPage" classname="com.novabank.tests.TransfersTest" time="0.0">
    <skipped/>
  </testcase>
  <testcase name="createContextAndPage" classname="com.novabank.tests.TransfersTest" time="0.0">
    <skipped/>
  </testcase>
  <testcase name="createContextAndPage" classname="com.novabank.tests.TransfersTest" time="0.0">
    <skipped/>
  </testcase>
  <testcase name="testTransfersFormElementsPresent" classname="com.novabank.tests.TransfersTest" time="0.0">
    <skipped message="UI health-check failed: frontend is not reachable at http://localhost:5173 Set UI_TESTS_REQUIRE_APP=false to skip instead."/>
  </testcase>
  <testcase name="closeContextAndPage" classname="com.novabank.tests.TransfersTest" time="0.0">
    <skipped/>
  </testcase>
  <testcase name="closeContextAndPage" classname="com.novabank.tests.TransfersTest" time="0.0">
    <skipped/>
  </testcase>
  <testcase name="closeContextAndPage" classname="com.novabank.tests.TransfersTest" time="0.0">
    <skipped/>
  </testcase>
  <testcase name="closeContextAndPage" classname="com.novabank.tests.TransfersTest" time="0.0">
    <skipped/>
  </testcase>
  <testcase name="testTransfersPageHeading" classname="com.novabank.tests.TransfersTest" time="0.0">
    <skipped message="UI health-check failed: frontend is not reachable at http://localhost:5173 Set UI_TESTS_REQUIRE_APP=false to skip instead."/>
  </testcase>
  <testcase name="testTransfersPageIsAccessible" classname="com.novabank.tests.TransfersTest" time="0.0">
    <skipped message="UI health-check failed: frontend is not reachable at http://localhost:5173 Set UI_TESTS_REQUIRE_APP=false to skip instead."/>
  </testcase>
  <testcase name="testUnauthenticatedTransfersAccessRedirects" classname="com.novabank.tests.TransfersTest" time="0.0">
    <skipped message="UI health-check failed: frontend is not reachable at http://localhost:5173 Set UI_TESTS_REQUIRE_APP=false to skip instead."/>
  </testcase>
</testsuite>