<?xml version="1.0" encoding="UTF-8"?>
<testsuite xmlns:xsi="http://www.w3.org/2001/XMLSchema-instance" xsi:noNamespaceSchemaLocation="https://maven.apache.org/surefire/maven-surefire-plugin/xsd/surefire-test-report-3.0.xsd" version="3.0" name="com.novabank.tests.AccountsTest" time="4.818" tests="4" errors="0" skipped="0" failures="0">
  <properties>
[...]
</properties>
  <testcase name="testAccountsPageHeading" classname="com.novabank.tests.AccountsTest" time="0.327">
    <system-out><![CDATA[UI health-check passed: reachable at http://localhost:5173
UI health-check passed: reachable at http://localhost:5173
]]></system-out>
    <system-err><![CDATA[SLF4J: Failed to load class "org.slf4j.impl.StaticLoggerBinder".
SLF4J: Defaulting to no-operation (NOP) logger implementation
SLF4J: See http://www.slf4j.org/codes.html#StaticLoggerBinder for further details.
]]></system-err>
  </testcase>
  <testcase name="testAccountsPageIsAccessible" classname="com.novabank.tests.AccountsTest" time="1.241"/>
  <testcase name="testAccountsPageShowsSeededAccounts" classname="com.novabank.tests.AccountsTest" time="0.292"/>
  <testcase name="testUnauthenticatedAccountsAccessRedirects" classname="com.novabank.tests.AccountsTest" time="0.156"/>
</testsuite>