<?xml version="1.0" encoding="UTF-8"?>
<testsuite xmlns:xsi="http://www.w3.org/2001/XMLSchema-instance" xsi:noNamespaceSchemaLocation="https://maven.apache.org/surefire/maven-surefire-plugin/xsd/surefire-test-report-3.0.xsd" version="3.0" name="TestSuite" time="32.659" tests="42" errors="0" skipped="0" failures="0">
  <properties>
[...]
</properties>
  <testcase name="testCustomer1LoginSuccess" classname="com.novabank.tests.LoginTest" time="0.343">
    <system-out><![CDATA[UI health-check passed: reachable at http://localhost:5173
UI health-check passed: reachable at http://localhost:5173
]]></system-out>
    <system-err><![CDATA[SLF4J: Failed to load class "org.slf4j.impl.StaticLoggerBinder".
SLF4J: Defaulting to no-operation (NOP) logger implementation
SLF4J: See http://www.slf4j.org/codes.html#StaticLoggerBinder for further details.
]]></system-err>
  </testcase>
  <testcase name="testCustomer2LoginSuccess" classname="com.novabank.tests.LoginTest" time="0.428"/>
  <testcase name="testLoginPageLinks" classname="com.novabank.tests.LoginTest" time="0.223"/>
  <testcase name="testLoginWithInvalidEmail" classname="com.novabank.tests.LoginTest" time="0.384"/>
  <testcase name="testLoginWithInvalidPassword" classname="com.novabank.tests.LoginTest" time="0.301"/>
  <testcase name="testManagerLoginSuccess" classname="com.novabank.tests.LoginTest" time="0.316"/>
  <testcase name="testUnauthenticatedUserRedirectedToLogin" classname="com.novabank.tests.LoginTest" time="0.242"/>
  <testcase name="testNewUserRegistrationSuccess" classname="com.novabank.tests.RegisterTest" time="0.369"/>
  <testcase name="testRegisterPageHasLoginLink" classname="com.novabank.tests.RegisterTest" time="0.267"/>
  <testcase name="testRegisterPageIsAccessible" classname="com.novabank.tests.RegisterTest" time="0.372"/>
  <testcase name="testRegistrationFailsWithDuplicateEmail" classname="com.novabank.tests.RegisterTest" time="0.285"/>
  <testcase name="testForgotPasswordPageHasLoginLink" classname="com.novabank.tests.ForgotPasswordTest" time="0.281"/>
  <testcase name="testForgotPasswordPageIsAccessible" classname="com.novabank.tests.ForgotPasswordTest" time="0.234"/>
  <testcase name="testPasswordResetFailsForUnknownEmail" classname="com.novabank.tests.ForgotPasswordTest" time="0.342"/>
  <testcase name="testPasswordResetSuccessForExistingUser" classname="com.novabank.tests.ForgotPasswordTest" time="0.539"/>
  <testcase name="testUserCanLoginAfterPasswordReset" classname="com.novabank.tests.ForgotPasswordTest" time="0.593"/>
  <testcase name="testCustomerDoesNotSeeUsersNavLink" classname="com.novabank.tests.DashboardTest" time="0.452"/>
  <testcase name="testDashboardHeading" classname="com.novabank.tests.DashboardTest" time="0.298"/>
  <testcase name="testDashboardShowsCustomerName" classname="com.novabank.tests.DashboardTest" time="0.371"/>
  <testcase name="testDashboardShowsManagerName" classname="com.novabank.tests.DashboardTest" time="0.278"/>
  <testcase name="testDashboardShowsStatCards" classname="com.novabank.tests.DashboardTest" time="0.417"/>
  <testcase name="testLogoutRedirectsToLogin" classname="com.novabank.tests.DashboardTest" time="0.309"/>
  <testcase name="testManagerSeesUsersNavLink" classname="com.novabank.tests.DashboardTest" time="0.264"/>
  <testcase name="testCustomerIsRedirectedFromUsersPage" classname="com.novabank.tests.UsersTest" time="0.324"/>
  <testcase name="testManagerCanAccessUsersPage" classname="com.novabank.tests.UsersTest" time="0.393"/>
  <testcase name="testUnauthorizedPageContent" classname="com.novabank.tests.UsersTest" time="0.306"/>
  <testcase name="testUsersPageDisplaysSeededUserNames" classname="com.novabank.tests.UsersTest" time="0.509"/>
  <testcase name="testUsersPageShowsSeededUsers" classname="com.novabank.tests.UsersTest" time="0.32"/>
  <testcase name="testUsersPageSubtitle" classname="com.novabank.tests.UsersTest" time="0.466"/>
  <testcase name="testAccountsPageHeading" classname="com.novabank.tests.AccountsTest" time="0.293"/>
  <testcase name="testAccountsPageIsAccessible" classname="com.novabank.tests.AccountsTest" time="0.296"/>
  <testcase name="testAccountsPageShowsSeededAccounts" classname="com.novabank.tests.AccountsTest" time="0.308"/>
  <testcase name="testUnauthenticatedAccountsAccessRedirects" classname="com.novabank.tests.AccountsTest" time="0.573"/>
  <testcase name="testManagerCanAccessTransactions" classname="com.novabank.tests.TransactionsTest" time="0.324"/>
  <testcase name="testTransactionsFormElementsPresent" classname="com.novabank.tests.TransactionsTest" time="0.785"/>
  <testcase name="testTransactionsPageHeading" classname="com.novabank.tests.TransactionsTest" time="0.307"/>
  <testcase name="testTransactionsPageIsAccessible" classname="com.novabank.tests.TransactionsTest" time="0.327"/>
  <testcase name="testUnauthenticatedTransactionsAccessRedirects" classname="com.novabank.tests.TransactionsTest" time="0.576"/>
  <testcase name="testTransfersFormElementsPresent" classname="com.novabank.tests.TransfersTest" time="0.308"/>
  <testcase name="testTransfersPageHeading" classname="com.novabank.tests.TransfersTest" time="0.625"/>
  <testcase name="testTransfersPageIsAccessible" classname="com.novabank.tests.TransfersTest" time="0.336"/>
  <testcase name="testUnauthenticatedTransfersAccessRedirects" classname="com.novabank.tests.TransfersTest" time="0.19"/>
</testsuite>