-------------------------------------------------------------------------------
Test set: TestSuite
-------------------------------------------------------------------------------
Tests run: 128, Failures: 1, Errors: 0, Skipped: 127, Time elapsed: 28.48 s <<< FAILURE! -- in TestSuite
com.novabank.tests.TransfersTest.launchBrowser -- Time elapsed: 27.12 s <<< FAILURE!
com.microsoft.playwright.PlaywrightException: 
Error {
  message='
╔══════════════════════════════════════════════════════════════════════════════════════════════════════╗
║ Host system is missing dependencies to run browsers.                                                 ║
║ Please install them with the following command:                                                      ║
║                                                                                                      ║
║     sudo mvn exec:java -e -D exec.mainClass=com.microsoft.playwright.CLI -D exec.args="install-deps" ║
║                                                                                                      ║
║ Alternatively, use apt:                                                                              ║
║     sudo apt-get install libatk1.0-0\                                                                ║
║         libatk-bridge2.0-0\                                                                          ║
║         libcups2\                                                                                    ║
║         libdrm2\                                                                                     ║
║         libatspi2.0-0\                                                                               ║
║         libxcomposite1\                                                                              ║
║         libxdamage1\                                                                                 ║
║         libxfixes3\                                                                                  ║
║         libxrandr2\                                                                                  ║
║         libgbm1\                                                                                     ║
║         libxkbcommon0\                                                                               ║
║         libasound2                                                                                   ║
║                                                                                                      ║
║ <3 Playwright Team                                                                                   ║
╚══════════════════════════════════════════════════════════════════════════════════════════════════════╝
  name='Error
  stack='Error: 
╔══════════════════════════════════════════════════════════════════════════════════════════════════════╗
║ Host system is missing dependencies to run browsers.                                                 ║
║ Please install them with the following command:                                                      ║
║                                                                                                      ║
║     sudo mvn exec:java -e -D exec.mainClass=com.microsoft.playwright.CLI -D exec.args="install-deps" ║
║                                                                                                      ║
║ Alternatively, use apt:                                                                              ║
║     sudo apt-get install libatk1.0-0\                                                                ║
║         libatk-bridge2.0-0\                                                                          ║
║         libcups2\                                                                                    ║
║         libdrm2\                                                                                     ║
║         libatspi2.0-0\                                                                               ║
║         libxcomposite1\                                                                              ║
║         libxdamage1\                                                                                 ║
║         libxfixes3\                                                                                  ║
║         libxrandr2\                                                                                  ║
║         libgbm1\                                                                                     ║
║         libxkbcommon0\                                                                               ║
║         libasound2                                                                                   ║
║                                                                                                      ║
║ <3 Playwright Team                                                                                   ║
╚══════════════════════════════════════════════════════════════════════════════════════════════════════╝
    at validateDependenciesLinux (/tmp/playwright-java-15635618044500116852/package/lib/server/registry/dependencies.js:216:9)
    at process.processTicksAndRejections (node:internal/process/task_queues:95:5)
    at async Registry._validateHostRequirements (/tmp/playwright-java-15635618044500116852/package/lib/server/registry/index.js:603:43)
    at async Registry._validateHostRequirementsForExecutableIfNeeded (/tmp/playwright-java-15635618044500116852/package/lib/server/registry/index.js:701:7)
    at async Registry.validateHostRequirementsForExecutablesIfNeeded (/tmp/playwright-java-15635618044500116852/package/lib/server/registry/index.js:690:43)
    at async Chromium._launchProcess (/tmp/playwright-java-15635618044500116852/package/lib/server/browserType.js:167:7)
    at async Chromium._innerLaunch (/tmp/playwright-java-15635618044500116852/package/lib/server/browserType.js:103:9)
    at async Chromium._innerLaunchWithRetries (/tmp/playwright-java-15635618044500116852/package/lib/server/browserType.js:84:14)
    at async ProgressController.run (/tmp/playwright-java-15635618044500116852/package/lib/server/progress.js:82:22)
    at async Chromium.launch (/tmp/playwright-java-15635618044500116852/package/lib/server/browserType.js:61:21)
}
	at com.microsoft.playwright.impl.WaitableResult.get(WaitableResult.java:56)
	at com.microsoft.playwright.impl.ChannelOwner.runUntil(ChannelOwner.java:120)
	at com.microsoft.playwright.impl.Connection.sendMessage(Connection.java:130)
	at com.microsoft.playwright.impl.ChannelOwner.sendMessage(ChannelOwner.java:106)
	at com.microsoft.playwright.impl.BrowserTypeImpl.launchImpl(BrowserTypeImpl.java:50)
	at com.microsoft.playwright.impl.BrowserTypeImpl.lambda$launch$0(BrowserTypeImpl.java:42)
	at com.microsoft.playwright.impl.LoggingSupport.withLogging(LoggingSupport.java:47)
	at com.microsoft.playwright.impl.ChannelOwner.withLogging(ChannelOwner.java:89)
	at com.microsoft.playwright.impl.BrowserTypeImpl.launch(BrowserTypeImpl.java:42)
	at com.microsoft.playwright.impl.BrowserTypeImpl.launch(BrowserTypeImpl.java:35)
	at com.novabank.base.BaseTest.launchBrowser(BaseTest.java:24)
	at java.base/jdk.internal.reflect.DirectMethodHandleAccessor.invoke(DirectMethodHandleAccessor.java:104)
	at java.base/java.lang.reflect.Method.invoke(Method.java:565)
	at org.testng.internal.invokers.MethodInvocationHelper.invokeMethod(MethodInvocationHelper.java:141)
	at org.testng.internal.invokers.MethodInvocationHelper.invokeMethodConsideringTimeout(MethodInvocationHelper.java:71)
	at org.testng.internal.invokers.ConfigInvoker.invokeConfigurationMethod(ConfigInvoker.java:400)
	at org.testng.internal.invokers.ConfigInvoker.invokeConfigurations(ConfigInvoker.java:333)
	at org.testng.SuiteRunner.privateRun(SuiteRunner.java:358)
	at org.testng.SuiteRunner.run(SuiteRunner.java:312)
	at org.testng.SuiteRunnerWorker.runSuite(SuiteRunnerWorker.java:52)
	at org.testng.SuiteRunnerWorker.run(SuiteRunnerWorker.java:95)
	at org.testng.TestNG.runSuitesSequentially(TestNG.java:1274)
	at org.testng.TestNG.runSuitesLocally(TestNG.java:1208)
	at org.testng.TestNG.runSuites(TestNG.java:1112)
	at org.testng.TestNG.run(TestNG.java:1079)
	at org.apache.maven.surefire.testng.TestNGExecutor.run(TestNGExecutor.java:308)
	at org.apache.maven.surefire.testng.TestNGXmlTestSuite.execute(TestNGXmlTestSuite.java:71)
	at org.apache.maven.surefire.testng.TestNGProvider.invoke(TestNGProvider.java:113)
	at org.apache.maven.surefire.booter.ForkedBooter.runSuitesInProcess(ForkedBooter.java:385)
	at org.apache.maven.surefire.booter.ForkedBooter.execute(ForkedBooter.java:162)
	at org.apache.maven.surefire.booter.ForkedBooter.run(ForkedBooter.java:507)
	at org.apache.maven.surefire.booter.ForkedBooter.main(ForkedBooter.java:495)
Caused by: com.microsoft.playwright.impl.DriverException: Error {
  message='
╔══════════════════════════════════════════════════════════════════════════════════════════════════════╗
║ Host system is missing dependencies to run browsers.                                                 ║
║ Please install them with the following command:                                                      ║
║                                                                                                      ║
║     sudo mvn exec:java -e -D exec.mainClass=com.microsoft.playwright.CLI -D exec.args="install-deps" ║
║                                                                                                      ║
║ Alternatively, use apt:                                                                              ║
║     sudo apt-get install libatk1.0-0\                                                                ║
║         libatk-bridge2.0-0\                                                                          ║
║         libcups2\                                                                                    ║
║         libdrm2\                                                                                     ║
║         libatspi2.0-0\                                                                               ║
║         libxcomposite1\                                                                              ║
║         libxdamage1\                                                                                 ║
║         libxfixes3\                                                                                  ║
║         libxrandr2\                                                                                  ║
║         libgbm1\                                                                                     ║
║         libxkbcommon0\                                                                               ║
║         libasound2                                                                                   ║
║                                                                                                      ║
║ <3 Playwright Team                                                                                   ║
╚══════════════════════════════════════════════════════════════════════════════════════════════════════╝
  name='Error
  stack='Error: 
╔══════════════════════════════════════════════════════════════════════════════════════════════════════╗
║ Host system is missing dependencies to run browsers.                                                 ║
║ Please install them with the following command:                                                      ║
║                                                                                                      ║
║     sudo mvn exec:java -e -D exec.mainClass=com.microsoft.playwright.CLI -D exec.args="install-deps" ║
║                                                                                                      ║
║ Alternatively, use apt:                                                                              ║
║     sudo apt-get install libatk1.0-0\                                                                ║
║         libatk-bridge2.0-0\                                                                          ║
║         libcups2\                                                                                    ║
║         libdrm2\                                                                                     ║
║         libatspi2.0-0\                                                                               ║
║         libxcomposite1\                                                                              ║
║         libxdamage1\                                                                                 ║
║         libxfixes3\                                                                                  ║
║         libxrandr2\                                                                                  ║
║         libgbm1\                                                                                     ║
║         libxkbcommon0\                                                                               ║
║         libasound2                                                                                   ║
║                                                                                                      ║
║ <3 Playwright Team                                                                                   ║
╚══════════════════════════════════════════════════════════════════════════════════════════════════════╝
    at validateDependenciesLinux (/tmp/playwright-java-15635618044500116852/package/lib/server/registry/dependencies.js:216:9)
    at process.processTicksAndRejections (node:internal/process/task_queues:95:5)
    at async Registry._validateHostRequirements (/tmp/playwright-java-15635618044500116852/package/lib/server/registry/index.js:603:43)
    at async Registry._validateHostRequirementsForExecutableIfNeeded (/tmp/playwright-java-15635618044500116852/package/lib/server/registry/index.js:701:7)
    at async Registry.validateHostRequirementsForExecutablesIfNeeded (/tmp/playwright-java-15635618044500116852/package/lib/server/registry/index.js:690:43)
    at async Chromium._launchProcess (/tmp/playwright-java-15635618044500116852/package/lib/server/browserType.js:167:7)
    at async Chromium._innerLaunch (/tmp/playwright-java-15635618044500116852/package/lib/server/browserType.js:103:9)
    at async Chromium._innerLaunchWithRetries (/tmp/playwright-java-15635618044500116852/package/lib/server/browserType.js:84:14)
    at async ProgressController.run (/tmp/playwright-java-15635618044500116852/package/lib/server/progress.js:82:22)
    at async Chromium.launch (/tmp/playwright-java-15635618044500116852/package/lib/server/browserType.js:61:21)
}
	at com.microsoft.playwright.impl.Connection.dispatch(Connection.java:259)
	at com.microsoft.playwright.impl.Connection.processOneMessage(Connection.java:211)
	at com.microsoft.playwright.impl.ChannelOwner.runUntil(ChannelOwner.java:118)
	... 30 more

