<?xml version="1.0" encoding="UTF-8"?>
<testng-results ignored="0" total="6" passed="6" failed="0" skipped="0">
  <reporter-output>
    <line>
      <![CDATA[UI health-check passed: reachable at http://localhost:5173]]>
    </line>
  </reporter-output>
  <suite started-at="2026-05-05T18:42:12 CEST" name="Surefire suite" finished-at="2026-05-05T18:42:14 CEST" duration-ms="2735">
    <groups>
    </groups>
    <test started-at="2026-05-05T18:42:12 CEST" name="Surefire test" finished-at="2026-05-05T18:42:14 CEST" duration-ms="2735">
      <class name="com.novabank.tests.UsersTest">
        <test-method is-config="true" signature="launchBrowser()[pri:0, instance:com.novabank.tests.UsersTest@62bd765]" started-at="2026-05-05T18:42:10 CEST" name="launchBrowser" finished-at="2026-05-05T18:42:12 CEST" duration-ms="1268" status="PASS">
          <reporter-output>
          </reporter-output>
        </test-method> <!-- launchBrowser -->
        <test-method is-config="true" signature="createContextAndPage()[pri:0, instance:com.novabank.tests.UsersTest@62bd765]" started-at="2026-05-05T18:42:12 CEST" name="createContextAndPage" finished-at="2026-05-05T18:42:12 CEST" duration-ms="285" status="PASS">
          <reporter-output>
            <line>
              <![CDATA[UI health-check passed: reachable at http://localhost:5173]]>
            </line>
          </reporter-output>
        </test-method> <!-- createContextAndPage -->
        <test-method signature="testCustomerIsRedirectedFromUsersPage()[pri:0, instance:com.novabank.tests.UsersTest@62bd765]" started-at="2026-05-05T18:42:12 CEST" name="testCustomerIsRedirectedFromUsersPage" description="Customer is redirected to /unauthorized when accessing Users page" finished-at="2026-05-05T18:42:12 CEST" duration-ms="371" status="PASS">
          <reporter-output>
          </reporter-output>
        </test-method> <!-- testCustomerIsRedirectedFromUsersPage -->
        <test-method is-config="true" signature="closeContextAndPage()[pri:0, instance:com.novabank.tests.UsersTest@62bd765]" started-at="2026-05-05T18:42:12 CEST" name="closeContextAndPage" finished-at="2026-05-05T18:42:12 CEST" duration-ms="6" status="PASS">
          <reporter-output>
          </reporter-output>
        </test-method> <!-- closeContextAndPage -->
        <test-method is-config="true" signature="createContextAndPage()[pri:0, instance:com.novabank.tests.UsersTest@62bd765]" started-at="2026-05-05T18:42:12 CEST" name="createContextAndPage" finished-at="2026-05-05T18:42:12 CEST" duration-ms="34" status="PASS">
          <reporter-output>
          </reporter-output>
        </test-method> <!-- createContextAndPage -->
        <test-method signature="testManagerCanAccessUsersPage()[pri:0, instance:com.novabank.tests.UsersTest@62bd765]" started-at="2026-05-05T18:42:12 CEST" name="testManagerCanAccessUsersPage" description="Manager can access the Users page" finished-at="2026-05-05T18:42:13 CEST" duration-ms="704" status="PASS">
          <reporter-output>
          </reporter-output>
        </test-method> <!-- testManagerCanAccessUsersPage -->
        <test-method is-config="true" signature="closeContextAndPage()[pri:0, instance:com.novabank.tests.UsersTest@62bd765]" started-at="2026-05-05T18:42:13 CEST" name="closeContextAndPage" finished-at="2026-05-05T18:42:13 CEST" duration-ms="2" status="PASS">
          <reporter-output>
          </reporter-output>
        </test-method> <!-- closeContextAndPage -->
        <test-method is-config="true" signature="createContextAndPage()[pri:0, instance:com.novabank.tests.UsersTest@62bd765]" started-at="2026-05-05T18:42:13 CEST" name="createContextAndPage" finished-at="2026-05-05T18:42:13 CEST" duration-ms="33" status="PASS">
          <reporter-output>
          </reporter-output>
        </test-method> <!-- createContextAndPage -->
        <test-method signature="testUnauthorizedPageContent()[pri:0, instance:com.novabank.tests.UsersTest@62bd765]" started-at="2026-05-05T18:42:13 CEST" name="testUnauthorizedPageContent" description="Unauthorized page shows proper message for customer" finished-at="2026-05-05T18:42:13 CEST" duration-ms="325" status="PASS">
          <reporter-output>
          </reporter-output>
        </test-method> <!-- testUnauthorizedPageContent -->
        <test-method is-config="true" signature="closeContextAndPage()[pri:0, instance:com.novabank.tests.UsersTest@62bd765]" started-at="2026-05-05T18:42:13 CEST" name="closeContextAndPage" finished-at="2026-05-05T18:42:13 CEST" duration-ms="2" status="PASS">
          <reporter-output>
          </reporter-output>
        </test-method> <!-- closeContextAndPage -->
        <test-method is-config="true" signature="createContextAndPage()[pri:0, instance:com.novabank.tests.UsersTest@62bd765]" started-at="2026-05-05T18:42:13 CEST" name="createContextAndPage" finished-at="2026-05-05T18:42:13 CEST" duration-ms="32" status="PASS">
          <reporter-output>
          </reporter-output>
        </test-method> <!-- createContextAndPage -->
        <test-method signature="testUsersPageDisplaysSeededUserNames()[pri:0, instance:com.novabank.tests.UsersTest@62bd765]" started-at="2026-05-05T18:42:13 CEST" name="testUsersPageDisplaysSeededUserNames" description="Users page displays correct seeded user names" finished-at="2026-05-05T18:42:14 CEST" duration-ms="291" status="PASS">
          <reporter-output>
          </reporter-output>
        </test-method> <!-- testUsersPageDisplaysSeededUserNames -->
        <test-method is-config="true" signature="closeContextAndPage()[pri:0, instance:com.novabank.tests.UsersTest@62bd765]" started-at="2026-05-05T18:42:14 CEST" name="closeContextAndPage" finished-at="2026-05-05T18:42:14 CEST" duration-ms="3" status="PASS">
          <reporter-output>
          </reporter-output>
        </test-method> <!-- closeContextAndPage -->
        <test-method is-config="true" signature="createContextAndPage()[pri:0, instance:com.novabank.tests.UsersTest@62bd765]" started-at="2026-05-05T18:42:14 CEST" name="createContextAndPage" finished-at="2026-05-05T18:42:14 CEST" duration-ms="32" status="PASS">
          <reporter-output>
          </reporter-output>
        </test-method> <!-- createContextAndPage -->
        <test-method signature="testUsersPageShowsSeededUsers()[pri:0, instance:com.novabank.tests.UsersTest@62bd765]" started-at="2026-05-05T18:42:14 CEST" name="testUsersPageShowsSeededUsers" description="Users page shows 3 seeded users for manager" finished-at="2026-05-05T18:42:14 CEST" duration-ms="281" status="PASS">
          <reporter-output>
          </reporter-output>
        </test-method> <!-- testUsersPageShowsSeededUsers -->
        <test-method is-config="true" signature="closeContextAndPage()[pri:0, instance:com.novabank.tests.UsersTest@62bd765]" started-at="2026-05-05T18:42:14 CEST" name="closeContextAndPage" finished-at="2026-05-05T18:42:14 CEST" duration-ms="5" status="PASS">
          <reporter-output>
          </reporter-output>
        </test-method> <!-- closeContextAndPage -->
        <test-method is-config="true" signature="createContextAndPage()[pri:0, instance:com.novabank.tests.UsersTest@62bd765]" started-at="2026-05-05T18:42:14 CEST" name="createContextAndPage" finished-at="2026-05-05T18:42:14 CEST" duration-ms="33" status="PASS">
          <reporter-output>
          </reporter-output>
        </test-method> <!-- createContextAndPage -->
        <test-method signature="testUsersPageSubtitle()[pri:0, instance:com.novabank.tests.UsersTest@62bd765]" started-at="2026-05-05T18:42:14 CEST" name="testUsersPageSubtitle" description="Users page subtitle mentions seeded users" finished-at="2026-05-05T18:42:14 CEST" duration-ms="282" status="PASS">
          <reporter-output>
          </reporter-output>
        </test-method> <!-- testUsersPageSubtitle -->
        <test-method is-config="true" signature="closeContextAndPage()[pri:0, instance:com.novabank.tests.UsersTest@62bd765]" started-at="2026-05-05T18:42:14 CEST" name="closeContextAndPage" finished-at="2026-05-05T18:42:14 CEST" duration-ms="2" status="PASS">
          <reporter-output>
          </reporter-output>
        </test-method> <!-- closeContextAndPage -->
        <test-method is-config="true" signature="closeBrowser()[pri:0, instance:com.novabank.tests.UsersTest@62bd765]" started-at="2026-05-05T18:42:14 CEST" name="closeBrowser" finished-at="2026-05-05T18:42:14 CEST" duration-ms="17" status="PASS">
          <reporter-output>
          </reporter-output>
        </test-method> <!-- closeBrowser -->
      </class> <!-- com.novabank.tests.UsersTest -->
    </test> <!-- Surefire test -->
  </suite> <!-- Surefire suite -->
</testng-results>
