<?xml version="1.0" encoding="UTF-8"?>
<!-- Generated by org.testng.reporters.JUnitReportReporter -->
<testsuite hostname="Chanukyas-MacBook-Pro.local" failures="0" tests="5" name="com.novabank.tests.ForgotPasswordTest" time="2.528" errors="0" timestamp="2026-05-05T18:35:38 CEST" skipped="0">
  <testcase classname="com.novabank.tests.ForgotPasswordTest" name="testForgotPasswordPageHasLoginLink" time="0.373"/>
  <testcase classname="com.novabank.tests.ForgotPasswordTest" name="testForgotPasswordPageIsAccessible" time="0.270"/>
  <testcase classname="com.novabank.tests.ForgotPasswordTest" name="testPasswordResetFailsForUnknownEmail" time="0.324"/>
  <testcase classname="com.novabank.tests.ForgotPasswordTest" name="testPasswordResetSuccessForExistingUser" time="0.905"/>
  <testcase classname="com.novabank.tests.ForgotPasswordTest" name="testUserCanLoginAfterPasswordReset" time="0.656"/>
  <system-out>
    <![CDATA[UI health-check passed: reachable at http://localhost:5173]]>
  </system-out>
</testsuite> <!-- com.novabank.tests.ForgotPasswordTest -->
