<?xml version="1.0" encoding="UTF-8"?>
<!-- Generated by org.testng.reporters.JUnitReportReporter -->
<testsuite hostname="Chanukyas-MacBook-Pro.local" failures="0" tests="5" name="com.novabank.tests.RegisterTest" time="0.001" errors="1" timestamp="2026-05-05T17:59:15 CEST" skipped="4">
  <testcase classname="com.novabank.tests.RegisterTest" name="testRegisterPageHasLoginLink" time="0.000">
    <skipped/>
  </testcase> <!-- testRegisterPageHasLoginLink -->
  <testcase classname="com.novabank.tests.RegisterTest" name="createContextAndPage" time="0.001">
    <error message="UI health-check failed: frontend is not reachable at http://localhost:5173 Set UI_TESTS_REQUIRE_APP=false to skip instead." type="java.lang.IllegalStateException">
      <![CDATA[java.lang.IllegalStateException: UI health-check failed: frontend is not reachable at http://localhost:5173 Set UI_TESTS_REQUIRE_APP=false to skip instead.
at com.novabank.base.BaseTest.handleUnavailableApp(BaseTest.java:99)
at com.novabank.base.BaseTest.ensureApplicationIsReachable(BaseTest.java:69)
at com.novabank.base.BaseTest.createContextAndPage(BaseTest.java:57)
at java.base/jdk.internal.reflect.DirectMethodHandleAccessor.invoke(DirectMethodHandleAccessor.java:104)
at java.base/java.lang.reflect.Method.invoke(Method.java:565)
at org.testng.internal.invokers.MethodInvocationHelper.invokeMethod(MethodInvocationHelper.java:141)
at org.testng.internal.invokers.MethodInvocationHelper.invokeMethodConsideringTimeout(MethodInvocationHelper.java:71)
at org.testng.internal.invokers.ConfigInvoker.invokeConfigurationMethod(ConfigInvoker.java:400)
at org.testng.internal.invokers.ConfigInvoker.invokeConfigurations(ConfigInvoker.java:333)
at org.testng.internal.invokers.TestInvoker.runConfigMethods(TestInvoker.java:833)
at org.testng.internal.invokers.TestInvoker.invokeMethod(TestInvoker.java:600)
at org.testng.internal.invokers.TestInvoker.invokeTestMethod(TestInvoker.java:230)
at org.testng.internal.invokers.MethodRunner.runInSequence(MethodRunner.java:63)
at org.testng.internal.invokers.TestInvoker$MethodInvocationAgent.invoke(TestInvoker.java:992)
at org.testng.internal.invokers.TestInvoker.invokeTestMethods(TestInvoker.java:203)
at org.testng.internal.invokers.TestMethodWorker.invokeTestMethods(TestMethodWorker.java:154)
at org.testng.internal.invokers.TestMethodWorker.run(TestMethodWorker.java:134)
at java.base/java.util.ArrayList.forEach(ArrayList.java:1604)
at org.testng.TestRunner.privateRun(TestRunner.java:739)
at org.testng.TestRunner.run(TestRunner.java:614)
at org.testng.SuiteRunner.runTest(SuiteRunner.java:421)
at org.testng.SuiteRunner.runSequentially(SuiteRunner.java:413)
at org.testng.SuiteRunner.privateRun(SuiteRunner.java:373)
at org.testng.SuiteRunner.run(SuiteRunner.java:312)
at org.testng.SuiteRunnerWorker.runSuite(SuiteRunnerWorker.java:52)
at org.testng.SuiteRunnerWorker.run(SuiteRunnerWorker.java:95)
at org.testng.TestNG.runSuitesSequentially(TestNG.java:1274)
at org.testng.TestNG.runSuitesLocally(TestNG.java:1208)
at org.testng.TestNG.runSuites(TestNG.java:1112)
at org.testng.TestNG.run(TestNG.java:1079)
at org.apache.maven.surefire.testng.TestNGExecutor.run(TestNGExecutor.java:308)
at org.apache.maven.surefire.testng.TestNGXmlTestSuite.execute(TestNGXmlTestSuite.java:71)
at org.apache.maven.surefire.testng.TestNGProvider.invoke(TestNGProvider.java:113)
at org.apache.maven.surefire.booter.ForkedBooter.runSuitesInProcess(ForkedBooter.java:385)
at org.apache.maven.surefire.booter.ForkedBooter.execute(ForkedBooter.java:162)
at org.apache.maven.surefire.booter.ForkedBooter.run(ForkedBooter.java:507)
at org.apache.maven.surefire.booter.ForkedBooter.main(ForkedBooter.java:495)
]]>
    </error>
  </testcase> <!-- createContextAndPage -->
  <testcase classname="com.novabank.tests.RegisterTest" name="testNewUserRegistrationSuccess" time="0.000">
    <skipped/>
  </testcase> <!-- testNewUserRegistrationSuccess -->
  <testcase classname="com.novabank.tests.RegisterTest" name="testRegistrationFailsWithDuplicateEmail" time="0.000">
    <skipped/>
  </testcase> <!-- testRegistrationFailsWithDuplicateEmail -->
  <testcase classname="com.novabank.tests.RegisterTest" name="testRegisterPageIsAccessible" time="0.000">
    <skipped/>
  </testcase> <!-- testRegisterPageIsAccessible -->
  <system-out>
    <![CDATA[UI health-check failed: frontend is not reachable at http://localhost:5173]]>
  </system-out>
</testsuite> <!-- com.novabank.tests.RegisterTest -->
