<?xml version="1.0" encoding="UTF-8"?>
<!-- Generated by org.testng.reporters.JUnitReportReporter -->
<testsuite hostname="Mac" failures="0" tests="7" name="com.novabank.tests.DashboardTest" time="4.650" errors="0" timestamp="2026-05-05T19:00:21 CEST" skipped="0">
  <testcase classname="com.novabank.tests.DashboardTest" name="testManagerSeesUsersNavLink" time="0.608"/>
  <testcase classname="com.novabank.tests.DashboardTest" name="testDashboardShowsStatCards" time="0.811"/>
  <testcase classname="com.novabank.tests.DashboardTest" name="testLogoutRedirectsToLogin" time="0.597"/>
  <testcase classname="com.novabank.tests.DashboardTest" name="testDashboardHeading" time="0.577"/>
  <testcase classname="com.novabank.tests.DashboardTest" name="testDashboardShowsManagerName" time="0.664"/>
  <testcase classname="com.novabank.tests.DashboardTest" name="testDashboardShowsCustomerName" time="0.642"/>
  <testcase classname="com.novabank.tests.DashboardTest" name="testCustomerDoesNotSeeUsersNavLink" time="0.751"/>
  <system-out>
    <![CDATA[UI health-check passed: reachable at http://localhost:5173]]>
  </system-out>
</testsuite> <!-- com.novabank.tests.DashboardTest -->
