<?xml version="1.0" encoding="UTF-8"?>
<!-- Generated by org.testng.reporters.JUnitReportReporter -->
<testsuite hostname="Chanukyas-MacBook-Pro.local" failures="0" tests="6" name="com.novabank.tests.UsersTest" time="2.723" errors="0" timestamp="2026-05-05T18:42:14 CEST" skipped="0">
  <testcase classname="com.novabank.tests.UsersTest" name="testUsersPageShowsSeededUsers" time="0.316"/>
  <testcase classname="com.novabank.tests.UsersTest" name="testManagerCanAccessUsersPage" time="0.738"/>
  <testcase classname="com.novabank.tests.UsersTest" name="testUnauthorizedPageContent" time="0.361"/>
  <testcase classname="com.novabank.tests.UsersTest" name="testCustomerIsRedirectedFromUsersPage" time="0.662"/>
  <testcase classname="com.novabank.tests.UsersTest" name="testUsersPageSubtitle" time="0.318"/>
  <testcase classname="com.novabank.tests.UsersTest" name="testUsersPageDisplaysSeededUserNames" time="0.328"/>
  <system-out>
    <![CDATA[UI health-check passed: reachable at http://localhost:5173]]>
  </system-out>
</testsuite> <!-- com.novabank.tests.UsersTest -->
