<?xml version="1.0" encoding="UTF-8"?>
<!-- Generated by org.testng.reporters.JUnitReportReporter -->
<testsuite hostname="Chanukyas-MacBook-Pro.local" failures="0" tests="7" name="com.novabank.tests.LoginTest" time="2.450" errors="0" timestamp="2026-05-05T18:36:49 CEST" skipped="0">
  <testcase classname="com.novabank.tests.LoginTest" name="testUnauthenticatedUserRedirectedToLogin" time="0.218"/>
  <testcase classname="com.novabank.tests.LoginTest" name="testLoginWithInvalidEmail" time="0.275"/>
  <testcase classname="com.novabank.tests.LoginTest" name="testCustomer1LoginSuccess" time="0.620"/>
  <testcase classname="com.novabank.tests.LoginTest" name="testLoginPageLinks" time="0.219"/>
  <testcase classname="com.novabank.tests.LoginTest" name="testManagerLoginSuccess" time="0.319"/>
  <testcase classname="com.novabank.tests.LoginTest" name="testLoginWithInvalidPassword" time="0.344"/>
  <testcase classname="com.novabank.tests.LoginTest" name="testCustomer2LoginSuccess" time="0.455"/>
  <system-out>
    <![CDATA[UI health-check passed: reachable at http://localhost:5173]]>
  </system-out>
</testsuite> <!-- com.novabank.tests.LoginTest -->
