<?xml version="1.0" encoding="UTF-8"?>
<!-- Generated by org.testng.reporters.JUnitReportReporter -->
<testsuite hostname="codespaces-118b13" failures="0" tests="5" name="com.novabank.tests.TransactionsTest" time="0.000" errors="0" timestamp="2026-05-05T05:15:34 UTC" skipped="5">
  <testcase classname="com.novabank.tests.TransactionsTest" name="testTransactionsFormElementsPresent" time="0.000">
    <skipped/>
  </testcase> <!-- testTransactionsFormElementsPresent -->
  <testcase classname="com.novabank.tests.TransactionsTest" name="testUnauthenticatedTransactionsAccessRedirects" time="0.000">
    <skipped/>
  </testcase> <!-- testUnauthenticatedTransactionsAccessRedirects -->
  <testcase classname="com.novabank.tests.TransactionsTest" name="testManagerCanAccessTransactions" time="0.000">
    <skipped/>
  </testcase> <!-- testManagerCanAccessTransactions -->
  <testcase classname="com.novabank.tests.TransactionsTest" name="testTransactionsPageHeading" time="0.000">
    <skipped/>
  </testcase> <!-- testTransactionsPageHeading -->
  <testcase classname="com.novabank.tests.TransactionsTest" name="testTransactionsPageIsAccessible" time="0.000">
    <skipped/>
  </testcase> <!-- testTransactionsPageIsAccessible -->
</testsuite> <!-- com.novabank.tests.TransactionsTest -->
