<?xml version="1.0" encoding="UTF-8"?>
<!-- Generated by org.testng.reporters.JUnitReportReporter -->
<testsuite hostname="codespaces-118b13" failures="0" tests="4" name="com.novabank.tests.AccountsTest" time="0.000" errors="0" timestamp="2026-05-05T05:15:34 UTC" skipped="4">
  <testcase classname="com.novabank.tests.AccountsTest" name="testAccountsPageHeading" time="0.000">
    <skipped/>
  </testcase> <!-- testAccountsPageHeading -->
  <testcase classname="com.novabank.tests.AccountsTest" name="testAccountsPageIsAccessible" time="0.000">
    <skipped/>
  </testcase> <!-- testAccountsPageIsAccessible -->
  <testcase classname="com.novabank.tests.AccountsTest" name="testAccountsPageShowsSeededAccounts" time="0.000">
    <skipped/>
  </testcase> <!-- testAccountsPageShowsSeededAccounts -->
  <testcase classname="com.novabank.tests.AccountsTest" name="testUnauthenticatedAccountsAccessRedirects" time="0.000">
    <skipped/>
  </testcase> <!-- testUnauthenticatedAccountsAccessRedirects -->
</testsuite> <!-- com.novabank.tests.AccountsTest -->
