<?xml version="1.0" encoding="UTF-8"?>
<!-- Generated by org.testng.reporters.JUnitReportReporter -->
<testsuite hostname="Chanukyas-MacBook-Pro.local" failures="0" tests="5" name="com.novabank.tests.TransactionsTest" time="2.783" errors="0" timestamp="2026-05-05T18:38:44 CEST" skipped="0">
  <testcase classname="com.novabank.tests.TransactionsTest" name="testTransactionsFormElementsPresent" time="0.302"/>
  <testcase classname="com.novabank.tests.TransactionsTest" name="testTransactionsPageHeading" time="0.292"/>
  <testcase classname="com.novabank.tests.TransactionsTest" name="testTransactionsPageIsAccessible" time="0.983"/>
  <testcase classname="com.novabank.tests.TransactionsTest" name="testManagerCanAccessTransactions" time="0.999"/>
  <testcase classname="com.novabank.tests.TransactionsTest" name="testUnauthenticatedTransactionsAccessRedirects" time="0.207"/>
  <system-out>
    <![CDATA[UI health-check passed: reachable at http://localhost:5173]]>
  </system-out>
</testsuite> <!-- com.novabank.tests.TransactionsTest -->
