<?xml version="1.0" encoding="UTF-8"?>
<!-- Generated by org.testng.reporters.JUnitReportReporter -->
<testsuite hostname="Chanukyas-MacBook-Pro.local" failures="0" tests="4" name="com.novabank.tests.TransfersTest" time="3.446" errors="0" timestamp="2026-05-05T18:39:58 CEST" skipped="0">
  <testcase classname="com.novabank.tests.TransfersTest" name="testTransfersFormElementsPresent" time="0.313"/>
  <testcase classname="com.novabank.tests.TransfersTest" name="testTransfersPageIsAccessible" time="1.099"/>
  <testcase classname="com.novabank.tests.TransfersTest" name="testTransfersPageHeading" time="1.853"/>
  <testcase classname="com.novabank.tests.TransfersTest" name="testUnauthenticatedTransfersAccessRedirects" time="0.181"/>
  <system-out>
    <![CDATA[UI health-check passed: reachable at http://localhost:5173]]>
  </system-out>
</testsuite> <!-- com.novabank.tests.TransfersTest -->
