<?xml version="1.0" encoding="UTF-8"?>
<!-- Generated by org.testng.reporters.JUnitReportReporter -->
<testsuite hostname="Mac" failures="0" tests="4" name="com.novabank.tests.TransfersTest" time="2.673" errors="0" timestamp="2026-05-05T19:00:21 CEST" skipped="0">
  <testcase classname="com.novabank.tests.TransfersTest" name="testUnauthenticatedTransfersAccessRedirects" time="0.442"/>
  <testcase classname="com.novabank.tests.TransfersTest" name="testTransfersPageHeading" time="0.934"/>
  <testcase classname="com.novabank.tests.TransfersTest" name="testTransfersFormElementsPresent" time="0.698"/>
  <testcase classname="com.novabank.tests.TransfersTest" name="testTransfersPageIsAccessible" time="0.599"/>
  <system-out>
    <![CDATA[UI health-check passed: reachable at http://localhost:5173]]>
  </system-out>
</testsuite> <!-- com.novabank.tests.TransfersTest -->
