<?xml version="1.0" encoding="UTF-8"?>
<!-- Generated by org.testng.reporters.JUnitReportReporter -->
<testsuite hostname="Chanukyas-MacBook-Pro.local" failures="0" tests="7" name="com.novabank.tests.LoginTest" time="6.630" errors="0" timestamp="2026-05-05T18:48:13 CEST" skipped="0">
  <testcase classname="com.novabank.tests.LoginTest" name="testCustomer2LoginSuccess" time="0.699"/>
  <testcase classname="com.novabank.tests.LoginTest" name="testUnauthenticatedUserRedirectedToLogin" time="0.733"/>
  <testcase classname="com.novabank.tests.LoginTest" name="testLoginPageLinks" time="1.056"/>
  <testcase classname="com.novabank.tests.LoginTest" name="testLoginWithInvalidEmail" time="0.773"/>
  <testcase classname="com.novabank.tests.LoginTest" name="testCustomer1LoginSuccess" time="1.522"/>
  <testcase classname="com.novabank.tests.LoginTest" name="testLoginWithInvalidPassword" time="0.914"/>
  <testcase classname="com.novabank.tests.LoginTest" name="testManagerLoginSuccess" time="0.933"/>
  <system-out>
    <![CDATA[UI health-check passed: reachable at http://localhost:5173]]>
  </system-out>
</testsuite> <!-- com.novabank.tests.LoginTest -->
