<?xml version="1.0" encoding="UTF-8"?>
<!-- Generated by org.testng.reporters.JUnitReportReporter -->
<testsuite hostname="Chanukyas-MacBook-Pro.local" failures="0" tests="4" name="com.novabank.tests.AccountsTest" time="3.065" errors="0" timestamp="2026-05-05T18:22:21 CEST" skipped="0">
  <testcase classname="com.novabank.tests.AccountsTest" name="testUnauthenticatedAccountsAccessRedirects" time="0.192"/>
  <testcase classname="com.novabank.tests.AccountsTest" name="testAccountsPageShowsSeededAccounts" time="0.327"/>
  <testcase classname="com.novabank.tests.AccountsTest" name="testAccountsPageHeading" time="1.268"/>
  <testcase classname="com.novabank.tests.AccountsTest" name="testAccountsPageIsAccessible" time="1.278"/>
  <system-out>
    <![CDATA[UI health-check passed: reachable at http://localhost:5173]]>
  </system-out>
</testsuite> <!-- com.novabank.tests.AccountsTest -->
