<?xml version="1.0" encoding="UTF-8"?>
<!-- Generated by org.testng.reporters.JUnitReportReporter -->
<testsuite hostname="codespaces-118b13" failures="0" tests="6" name="com.novabank.tests.UsersTest" time="0.000" errors="0" timestamp="2026-05-05T05:15:34 UTC" skipped="6">
  <testcase classname="com.novabank.tests.UsersTest" name="testManagerCanAccessUsersPage" time="0.000">
    <skipped/>
  </testcase> <!-- testManagerCanAccessUsersPage -->
  <testcase classname="com.novabank.tests.UsersTest" name="testCustomerIsRedirectedFromUsersPage" time="0.000">
    <skipped/>
  </testcase> <!-- testCustomerIsRedirectedFromUsersPage -->
  <testcase classname="com.novabank.tests.UsersTest" name="testUnauthorizedPageContent" time="0.000">
    <skipped/>
  </testcase> <!-- testUnauthorizedPageContent -->
  <testcase classname="com.novabank.tests.UsersTest" name="testUsersPageShowsSeededUsers" time="0.000">
    <skipped/>
  </testcase> <!-- testUsersPageShowsSeededUsers -->
  <testcase classname="com.novabank.tests.UsersTest" name="testUsersPageSubtitle" time="0.000">
    <skipped/>
  </testcase> <!-- testUsersPageSubtitle -->
  <testcase classname="com.novabank.tests.UsersTest" name="testUsersPageDisplaysSeededUserNames" time="0.000">
    <skipped/>
  </testcase> <!-- testUsersPageDisplaysSeededUserNames -->
</testsuite> <!-- com.novabank.tests.UsersTest -->
