<?xml version="1.0" encoding="UTF-8"?>
<!-- Generated by org.testng.reporters.JUnitReportReporter -->
<testsuite hostname="Chanukyas-MacBook-Pro.local" failures="0" tests="4" name="com.novabank.tests.RegisterTest" time="1.172" errors="0" timestamp="2026-05-05T18:37:31 CEST" skipped="0">
  <testcase classname="com.novabank.tests.RegisterTest" name="testRegistrationFailsWithDuplicateEmail" time="0.242"/>
  <testcase classname="com.novabank.tests.RegisterTest" name="testRegisterPageHasLoginLink" time="0.220"/>
  <testcase classname="com.novabank.tests.RegisterTest" name="testRegisterPageIsAccessible" time="0.402"/>
  <testcase classname="com.novabank.tests.RegisterTest" name="testNewUserRegistrationSuccess" time="0.308"/>
  <system-out>
    <![CDATA[UI health-check passed: reachable at http://localhost:5173]]>
  </system-out>
</testsuite> <!-- com.novabank.tests.RegisterTest -->
