<?xml version="1.0" encoding="UTF-8"?>
<!-- Generated by org.testng.reporters.JUnitReportReporter -->
<testsuite hostname="codespaces-118b13" failures="0" tests="7" name="com.novabank.tests.DashboardTest" time="0.000" errors="0" timestamp="2026-05-05T05:15:34 UTC" skipped="7">
  <testcase classname="com.novabank.tests.DashboardTest" name="testDashboardShowsStatCards" time="0.000">
    <skipped/>
  </testcase> <!-- testDashboardShowsStatCards -->
  <testcase classname="com.novabank.tests.DashboardTest" name="testManagerSeesUsersNavLink" time="0.000">
    <skipped/>
  </testcase> <!-- testManagerSeesUsersNavLink -->
  <testcase classname="com.novabank.tests.DashboardTest" name="testDashboardShowsCustomerName" time="0.000">
    <skipped/>
  </testcase> <!-- testDashboardShowsCustomerName -->
  <testcase classname="com.novabank.tests.DashboardTest" name="testDashboardShowsManagerName" time="0.000">
    <skipped/>
  </testcase> <!-- testDashboardShowsManagerName -->
  <testcase classname="com.novabank.tests.DashboardTest" name="testLogoutRedirectsToLogin" time="0.000">
    <skipped/>
  </testcase> <!-- testLogoutRedirectsToLogin -->
  <testcase classname="com.novabank.tests.DashboardTest" name="testCustomerDoesNotSeeUsersNavLink" time="0.000">
    <skipped/>
  </testcase> <!-- testCustomerDoesNotSeeUsersNavLink -->
  <testcase classname="com.novabank.tests.DashboardTest" name="testDashboardHeading" time="0.000">
    <skipped/>
  </testcase> <!-- testDashboardHeading -->
</testsuite> <!-- com.novabank.tests.DashboardTest -->
