<?xml version="1.0" encoding="UTF-8"?>
<!-- Generated by org.testng.reporters.JUnitReportReporter -->
<testsuite hostname="codespaces-118b13" failures="0" tests="5" name="com.novabank.tests.ForgotPasswordTest" time="0.000" errors="0" timestamp="2026-05-05T05:15:34 UTC" skipped="5">
  <testcase classname="com.novabank.tests.ForgotPasswordTest" name="testPasswordResetSuccessForExistingUser" time="0.000">
    <skipped/>
  </testcase> <!-- testPasswordResetSuccessForExistingUser -->
  <testcase classname="com.novabank.tests.ForgotPasswordTest" name="testPasswordResetFailsForUnknownEmail" time="0.000">
    <skipped/>
  </testcase> <!-- testPasswordResetFailsForUnknownEmail -->
  <testcase classname="com.novabank.tests.ForgotPasswordTest" name="testUserCanLoginAfterPasswordReset" time="0.000">
    <skipped/>
  </testcase> <!-- testUserCanLoginAfterPasswordReset -->
  <testcase classname="com.novabank.tests.ForgotPasswordTest" name="testForgotPasswordPageHasLoginLink" time="0.000">
    <skipped/>
  </testcase> <!-- testForgotPasswordPageHasLoginLink -->
  <testcase classname="com.novabank.tests.ForgotPasswordTest" name="testForgotPasswordPageIsAccessible" time="0.000">
    <skipped/>
  </testcase> <!-- testForgotPasswordPageIsAccessible -->
</testsuite> <!-- com.novabank.tests.ForgotPasswordTest -->
